

Microchip Technology PIC LITE Macro Assembler V1.33 build 59893 
                                                                                               Tue Jan  6 23:48:55 2015

Microchip Technology Omniscient Code Generator (Lite mode) build 59893
     1                           	processor	16F1827
     2                           	opt	pw 120
     3                           	opt	lm
     4                           	psect	maintext,global,class=CODE,merge=1,split=1,delta=2
     5                           	psect	cinit,global,class=CODE,merge=1,delta=2
     6                           	psect	cstackCOMMON,global,class=COMMON,space=1,delta=1
     7                           	dabs	1,0x7E,2
     8  0000                     	;# 
     9  0001                     	;# 
    10  0002                     	;# 
    11  0003                     	;# 
    12  0004                     	;# 
    13  0005                     	;# 
    14  0006                     	;# 
    15  0007                     	;# 
    16  0008                     	;# 
    17  0009                     	;# 
    18  000A                     	;# 
    19  000B                     	;# 
    20  000C                     	;# 
    21  000D                     	;# 
    22  0011                     	;# 
    23  0012                     	;# 
    24  0013                     	;# 
    25  0014                     	;# 
    26  0015                     	;# 
    27  0016                     	;# 
    28  0016                     	;# 
    29  0017                     	;# 
    30  0018                     	;# 
    31  0019                     	;# 
    32  001A                     	;# 
    33  001B                     	;# 
    34  001C                     	;# 
    35  001E                     	;# 
    36  001F                     	;# 
    37  008C                     	;# 
    38  008D                     	;# 
    39  0091                     	;# 
    40  0092                     	;# 
    41  0093                     	;# 
    42  0094                     	;# 
    43  0095                     	;# 
    44  0096                     	;# 
    45  0097                     	;# 
    46  0098                     	;# 
    47  0099                     	;# 
    48  009A                     	;# 
    49  009B                     	;# 
    50  009B                     	;# 
    51  009C                     	;# 
    52  009D                     	;# 
    53  009E                     	;# 
    54  010C                     	;# 
    55  010D                     	;# 
    56  0111                     	;# 
    57  0112                     	;# 
    58  0113                     	;# 
    59  0114                     	;# 
    60  0115                     	;# 
    61  0116                     	;# 
    62  0117                     	;# 
    63  0118                     	;# 
    64  0119                     	;# 
    65  011A                     	;# 
    66  011B                     	;# 
    67  011D                     	;# 
    68  011E                     	;# 
    69  018C                     	;# 
    70  018D                     	;# 
    71  0191                     	;# 
    72  0191                     	;# 
    73  0192                     	;# 
    74  0193                     	;# 
    75  0193                     	;# 
    76  0193                     	;# 
    77  0194                     	;# 
    78  0195                     	;# 
    79  0196                     	;# 
    80  0199                     	;# 
    81  019A                     	;# 
    82  019B                     	;# 
    83  019B                     	;# 
    84  019B                     	;# 
    85  019B                     	;# 
    86  019C                     	;# 
    87  019C                     	;# 
    88  019D                     	;# 
    89  019E                     	;# 
    90  019F                     	;# 
    91  020C                     	;# 
    92  020D                     	;# 
    93  0211                     	;# 
    94  0211                     	;# 
    95  0212                     	;# 
    96  0212                     	;# 
    97  0213                     	;# 
    98  0213                     	;# 
    99  0214                     	;# 
   100  0214                     	;# 
   101  0215                     	;# 
   102  0215                     	;# 
   103  0215                     	;# 
   104  0216                     	;# 
   105  0216                     	;# 
   106  0217                     	;# 
   107  0217                     	;# 
   108  0219                     	;# 
   109  021A                     	;# 
   110  021B                     	;# 
   111  021C                     	;# 
   112  021D                     	;# 
   113  021E                     	;# 
   114  021F                     	;# 
   115  0291                     	;# 
   116  0291                     	;# 
   117  0292                     	;# 
   118  0293                     	;# 
   119  0294                     	;# 
   120  0295                     	;# 
   121  0295                     	;# 
   122  0296                     	;# 
   123  0298                     	;# 
   124  0298                     	;# 
   125  0299                     	;# 
   126  029A                     	;# 
   127  029B                     	;# 
   128  029C                     	;# 
   129  029C                     	;# 
   130  029D                     	;# 
   131  029E                     	;# 
   132  029E                     	;# 
   133  0311                     	;# 
   134  0311                     	;# 
   135  0312                     	;# 
   136  0313                     	;# 
   137  0318                     	;# 
   138  0318                     	;# 
   139  0319                     	;# 
   140  031A                     	;# 
   141  0394                     	;# 
   142  0395                     	;# 
   143  0396                     	;# 
   144  039A                     	;# 
   145  039C                     	;# 
   146  039D                     	;# 
   147  039E                     	;# 
   148  039F                     	;# 
   149  0415                     	;# 
   150  0416                     	;# 
   151  0417                     	;# 
   152  041C                     	;# 
   153  041D                     	;# 
   154  041E                     	;# 
   155  0FE4                     	;# 
   156  0FE5                     	;# 
   157  0FE6                     	;# 
   158  0FE7                     	;# 
   159  0FE8                     	;# 
   160  0FE9                     	;# 
   161  0FEA                     	;# 
   162  0FEB                     	;# 
   163  0FED                     	;# 
   164  0FEE                     	;# 
   165  0FEF                     	;# 
   166  000D                     _PORTB	set	13
   167  008D                     _TRISB	set	141
   168  018D                     _ANSELB	set	397
   169                           
   170                           	psect	maintext
   171  07D1                     __pmaintext:	
   172                           ; #config settings
   173                           
   174                           
   175                           ;psect for function _main
   176  0000                     
   177 ;;
   178 ;;Main: autosize = 0, tempsize = 3, incstack = 0, save=0
   179 ;;
   180 ;; *************** function _main *****************
   181 ;; Defined at:
   182 ;;		line 34 in file "secuenciaLed.c"
   183 ;; Parameters:    Size  Location     Type
   184 ;;		None
   185 ;; Auto vars:     Size  Location     Type
   186 ;;  i               2    3[COMMON] int 
   187 ;; Return value:  Size  Location     Type
   188 ;;		None               void
   189 ;; Registers used:
   190 ;;		wreg, status,2
   191 ;; Tracked objects:
   192 ;;		On entry : 17F/0
   193 ;;		On exit  : 0/0
   194 ;;		Unchanged: 0/0
   195 ;; Data sizes:     COMMON   BANK0   BANK1   BANK2   BANK3   BANK4
   196 ;;      Params:         0       0       0       0       0       0
   197 ;;      Locals:         2       0       0       0       0       0
   198 ;;      Temps:          3       0       0       0       0       0
   199 ;;      Totals:         5       0       0       0       0       0
   200 ;;Total ram usage:        5 bytes
   201 ;; This function calls:
   202 ;;		Nothing
   203 ;; This function is called by:
   204 ;;		Startup code after reset
   205 ;; This function uses a non-reentrant model
   206 ;;
   207  07D1                     _main:	
   208                           
   209                           ;secuenciaLed.c: 35: TRISB = 0;
   210                           
   211                           ;incstack = 0
   212                           ; Regs used in _main: [wreg+status,2]
   213  07D1  0021               	movlb	1	; select bank1
   214  07D2  018D               	clrf	13	;volatile
   215                           
   216                           ;secuenciaLed.c: 36: ANSELB = 0;
   217  07D3  0023               	movlb	3	; select bank3
   218  07D4  018D               	clrf	13	;volatile
   219                           
   220                           ;secuenciaLed.c: 37: PORTB = 0;
   221  07D5  0020               	movlb	0	; select bank0
   222  07D6  018D               	clrf	13	;volatile
   223  07D7                     l475:	
   224                           ;secuenciaLed.c: 39: while(1){
   225                           
   226                           
   227                           ;secuenciaLed.c: 40: for(int i = 1; i <= 128; i*=2){
   228  07D7  3001               	movlw	1
   229  07D8  00F3               	movwf	main@i
   230  07D9  3000               	movlw	0
   231  07DA  00F4               	movwf	main@i+1
   232  07DB                     L1:	
   233  07DB  0874               	movf	main@i+1,w
   234  07DC  3A80               	xorlw	128
   235  07DD  00F0               	movwf	??_main
   236  07DE  3080               	movlw	128
   237  07DF  0270               	subwf	??_main,w
   238  07E0  1D03               	skipz
   239  07E1  2FE4               	goto	u15
   240  07E2  3081               	movlw	129
   241  07E3  0273               	subwf	main@i,w
   242  07E4                     u15:	
   243  07E4  1803               	btfsc	3,0
   244  07E5  2FD7               	goto	l475
   245                           
   246                           ;secuenciaLed.c: 55: PORTB = i;
   247  07E6  0873               	movf	main@i,w
   248  07E7  0020               	movlb	0	; select bank0
   249  07E8  008D               	movwf	13	;volatile
   250                           
   251                           ;secuenciaLed.c: 57: _delay((unsigned long)((200)*(4000000/4000.0)));
   252  07E9  3002               	movlw	2
   253  07EA  00F2               	movwf	??_main+2
   254  07EB  3004               	movlw	4
   255  07EC  00F1               	movwf	??_main+1
   256  07ED  30BA               	movlw	186
   257  07EE  00F0               	movwf	??_main
   258  07EF                     u47:	
   259  07EF  0BF0               	decfsz	??_main,f
   260  07F0  2FEF               	goto	u47
   261  07F1  0BF1               	decfsz	??_main+1,f
   262  07F2  2FEF               	goto	u47
   263  07F3  0BF2               	decfsz	??_main+2,f
   264  07F4  2FEF               	goto	u47
   265  07F5  0000               	nop
   266  07F6  3001               	movlw	1
   267  07F7                     u25:	
   268  07F7  35F3               	lslf	main@i,f
   269  07F8  0DF4               	rlf	main@i+1,f
   270  07F9  0B89               	decfsz	9,f
   271  07FA  2FF7               	goto	u25
   272  07FB  2FDB               	goto	L1
   273  07FC                     __end_of_main:	
   274  007E                     btemp	set	126	;btemp
   275  007E                     pic14e$flags	set	126
   276  007E                     wtemp	set	126
   277  007E                     wtemp0	set	126
   278  0080                     wtemp1	set	128
   279  0082                     wtemp2	set	130
   280  0084                     wtemp3	set	132
   281  0086                     wtemp4	set	134
   282  0088                     wtemp5	set	136
   283  007F                     wtemp6	set	127
   284  007E                     ttemp	set	126
   285  007E                     ttemp0	set	126
   286  0081                     ttemp1	set	129
   287  0084                     ttemp2	set	132
   288  0087                     ttemp3	set	135
   289  007F                     ttemp4	set	127
   290  007E                     ltemp	set	126
   291  007E                     ltemp0	set	126
   292  0082                     ltemp1	set	130
   293  0086                     ltemp2	set	134
   294  0080                     ltemp3	set	128
   295                           
   296                           	psect	cinit
   297  07FC                     start_initialization:	
   298  07FC                     __initialization:	
   299  07FC                     end_of_initialization:	
   300                           ;End of C runtime variable initialization code
   301                           
   302  07FC                     __end_of__initialization:	
   303  07FC  107E               	bcf	pic14e$flags,0	;clear compiler interrupt flag
   304  07FD  0020               	movlb	0
   305  07FE  3187  2FD1         	ljmp	_main	;jump to C main() function
   306                           
   307                           	psect	cstackCOMMON
   308  0070                     __pcstackCOMMON:	
   309  0070                     ?_main:	
   310  0070                     ??_main:	
   311                           ; 0 bytes @ 0x0
   312                           
   313                           
   314                           ; 0 bytes @ 0x0
   315  0070                     	ds	3
   316  0073                     main@i:	
   317                           
   318                           ; 2 bytes @ 0x3
   319  0073                     	ds	2


Data Sizes:
    Strings     0
    Constant    0
    Data        0
    BSS         0
    Persistent  0
    Stack       0

Auto Spaces:
    Space          Size  Autos    Used
    COMMON           14      5       5
    BANK0            80      0       0
    BANK1            80      0       0
    BANK2            80      0       0
    BANK3            80      0       0
    BANK4            48      0       0

Pointer List with Targets:

    None.

Critical Paths under _main in COMMON

    None.

Critical Paths under _main in BANK0

    None.

Critical Paths under _main in BANK1

    None.

Critical Paths under _main in BANK2

    None.

Critical Paths under _main in BANK3

    None.

Critical Paths under _main in BANK4

    None.

Call Graph Tables:

 ---------------------------------------------------------------------------------
 (Depth) Function   	        Calls       Base Space   Used Autos Params    Refs
 ---------------------------------------------------------------------------------
 (0) _main                                                 5     5      0      45
                                              0 COMMON     5     5      0
 ---------------------------------------------------------------------------------
 Estimated maximum stack depth 0
 ---------------------------------------------------------------------------------

 Call Graph Graphs:

 _main (ROOT)

 Address spaces:
Name               Size   Autos  Total    Cost      Usage
BIGRAM             170      0       0       0        0.0%
EEDATA             100      0       0       0        0.0%
NULL                 0      0       0       0        0.0%
CODE                 0      0       0       0        0.0%
BITCOMMON            E      0       0       1        0.0%
BITSFR0              0      0       0       1        0.0%
SFR0                 0      0       0       1        0.0%
COMMON               E      5       5       2       35.7%
BITSFR1              0      0       0       2        0.0%
SFR1                 0      0       0       2        0.0%
BITSFR2              0      0       0       3        0.0%
SFR2                 0      0       0       3        0.0%
STACK                0      0       0       3        0.0%
BITSFR3              0      0       0       4        0.0%
SFR3                 0      0       0       4        0.0%
ABS                  0      0       0       4        0.0%
BITBANK0            50      0       0       5        0.0%
BITSFR4              0      0       0       5        0.0%
SFR4                 0      0       0       5        0.0%
BANK0               50      0       0       6        0.0%
BITSFR5              0      0       0       6        0.0%
SFR5                 0      0       0       6        0.0%
BITBANK1            50      0       0       7        0.0%
BITSFR6              0      0       0       7        0.0%
SFR6                 0      0       0       7        0.0%
BANK1               50      0       0       8        0.0%
BITSFR7              0      0       0       8        0.0%
SFR7                 0      0       0       8        0.0%
BITBANK2            50      0       0       9        0.0%
BITSFR8              0      0       0       9        0.0%
SFR8                 0      0       0       9        0.0%
BANK2               50      0       0      10        0.0%
BITSFR9              0      0       0      10        0.0%
SFR9                 0      0       0      10        0.0%
BITBANK3            50      0       0      11        0.0%
BITSFR10             0      0       0      11        0.0%
SFR10                0      0       0      11        0.0%
BANK3               50      0       0      12        0.0%
BITSFR11             0      0       0      12        0.0%
SFR11                0      0       0      12        0.0%
BITBANK4            30      0       0      13        0.0%
BITSFR12             0      0       0      13        0.0%
SFR12                0      0       0      13        0.0%
BANK4               30      0       0      14        0.0%
BITSFR13             0      0       0      14        0.0%
SFR13                0      0       0      14        0.0%
BITSFR14             0      0       0      15        0.0%
SFR14                0      0       0      15        0.0%
DATA                 0      0       0      15        0.0%
BITSFR15             0      0       0      16        0.0%
SFR15                0      0       0      16        0.0%
BITSFR16             0      0       0      17        0.0%
SFR16                0      0       0      17        0.0%
BITSFR17             0      0       0      18        0.0%
SFR17                0      0       0      18        0.0%
BITSFR18             0      0       0      19        0.0%
SFR18                0      0       0      19        0.0%
BITSFR19             0      0       0      20        0.0%
SFR19                0      0       0      20        0.0%
BITSFR20             0      0       0      21        0.0%
SFR20                0      0       0      21        0.0%
BITSFR21             0      0       0      22        0.0%
SFR21                0      0       0      22        0.0%
BITSFR22             0      0       0      23        0.0%
SFR22                0      0       0      23        0.0%
BITSFR23             0      0       0      24        0.0%
SFR23                0      0       0      24        0.0%
BITSFR24             0      0       0      25        0.0%
SFR24                0      0       0      25        0.0%
BITSFR25             0      0       0      26        0.0%
SFR25                0      0       0      26        0.0%
BITSFR26             0      0       0      27        0.0%
SFR26                0      0       0      27        0.0%
BITSFR27             0      0       0      28        0.0%
SFR27                0      0       0      28        0.0%
BITSFR28             0      0       0      29        0.0%
SFR28                0      0       0      29        0.0%
BITSFR29             0      0       0      30        0.0%
SFR29                0      0       0      30        0.0%
BITSFR30             0      0       0      31        0.0%
SFR30                0      0       0      31        0.0%
BITSFR31             0      0       0      32        0.0%
SFR31                0      0       0      32        0.0%


Microchip Technology PIC Macro Assembler V1.33 build 59893 
Symbol Table                                                                                   Tue Jan  6 23:48:55 2015

            __CFG_CP$OFF 0000                       u15 07E4                       u25 07F7  
                     u47 07EF                      l475 07D7             __CFG_CPD$OFF 0000  
           __CFG_BORV$LO 0000                      wreg 0009             __CFG_IESO$ON 0000  
           __CFG_FOSC$XT 0000             __CFG_LVP$OFF 0000             __CFG_WRT$OFF 0000  
          __CFG_FCMEN$ON 0000                     _main 07D1                     btemp 007E  
          __CFG_BOREN$ON 0000                     ltemp 007E                     start 0002  
                   ttemp 007E                     wtemp 007E            __CFG_MCLRE$ON 0000  
                  ?_main 0070            __CFG_WDTE$OFF 0000                    _PORTB 000D  
                  _TRISB 008D                    main@i 0073                    ltemp0 007E  
                  ltemp1 0082                    ltemp2 0086                    ltemp3 0080  
                  ttemp0 007E                    ttemp1 0081                    ttemp2 0084  
                  ttemp3 0087                    ttemp4 007F                    wtemp0 007E  
                  wtemp1 0080                    wtemp2 0082                    wtemp3 0084  
                  wtemp4 0086                    wtemp5 0088                    wtemp6 007F  
        __initialization 07FC             __end_of_main 07FC                   ??_main 0070  
         __CFG_PLLEN$OFF 0000                   _ANSELB 018D           __CFG_PWRTE$OFF 0000  
         __CFG_STVREN$ON 0000  __end_of__initialization 07FC           __pcstackCOMMON 0070  
             __pmaintext 07D1     end_of_initialization 07FC      start_initialization 07FC  
              ___latbits 0001            __size_of_main 002B              pic14e$flags 007E  
      __CFG_CLKOUTEN$OFF 0000  
