

Microchip Technology PIC LITE Macro Assembler V1.33 build 59893 
                                                                                               Sun Jan  4 03:20:28 2015

Microchip Technology Omniscient Code Generator (Lite mode) build 59893
     1                           	processor	16F1827
     2                           	opt	pw 120
     3                           	opt	lm
     4                           	psect	text0,local,class=CODE,merge=1,delta=2
     5                           	psect	cinit,global,class=CODE,merge=1,delta=2
     6                           	psect	cstackCOMMON,global,class=COMMON,space=1,delta=1
     7                           	psect	maintext,global,class=CODE,merge=1,split=1,delta=2
     8                           	psect	text1,local,class=CODE,merge=1,delta=2
     9                           	psect	text2,local,class=CODE,merge=1,delta=2
    10                           	psect	text3,local,class=CODE,merge=1,delta=2
    11                           	psect	text4,local,class=CODE,merge=1,delta=2
    12                           	psect	text5,local,class=CODE,merge=1,delta=2
    13                           	psect	text6,local,class=CODE,merge=1,delta=2
    14                           	psect	text7,local,class=CODE,merge=1,delta=2
    15                           	psect	text8,local,class=CODE,merge=1,delta=2
    16                           	psect	text9,local,class=CODE,merge=1,delta=2
    17                           	dabs	1,0x7E,2
    18  0000                     	;# 
    19  0001                     	;# 
    20  0002                     	;# 
    21  0003                     	;# 
    22  0004                     	;# 
    23  0005                     	;# 
    24  0006                     	;# 
    25  0007                     	;# 
    26  0008                     	;# 
    27  0009                     	;# 
    28  000A                     	;# 
    29  000B                     	;# 
    30  000C                     	;# 
    31  000D                     	;# 
    32  0011                     	;# 
    33  0012                     	;# 
    34  0013                     	;# 
    35  0014                     	;# 
    36  0015                     	;# 
    37  0016                     	;# 
    38  0016                     	;# 
    39  0017                     	;# 
    40  0018                     	;# 
    41  0019                     	;# 
    42  001A                     	;# 
    43  001B                     	;# 
    44  001C                     	;# 
    45  001E                     	;# 
    46  001F                     	;# 
    47  008C                     	;# 
    48  008D                     	;# 
    49  0091                     	;# 
    50  0092                     	;# 
    51  0093                     	;# 
    52  0094                     	;# 
    53  0095                     	;# 
    54  0096                     	;# 
    55  0097                     	;# 
    56  0098                     	;# 
    57  0099                     	;# 
    58  009A                     	;# 
    59  009B                     	;# 
    60  009B                     	;# 
    61  009C                     	;# 
    62  009D                     	;# 
    63  009E                     	;# 
    64  010C                     	;# 
    65  010D                     	;# 
    66  0111                     	;# 
    67  0112                     	;# 
    68  0113                     	;# 
    69  0114                     	;# 
    70  0115                     	;# 
    71  0116                     	;# 
    72  0117                     	;# 
    73  0118                     	;# 
    74  0119                     	;# 
    75  011A                     	;# 
    76  011B                     	;# 
    77  011D                     	;# 
    78  011E                     	;# 
    79  018C                     	;# 
    80  018D                     	;# 
    81  0191                     	;# 
    82  0191                     	;# 
    83  0192                     	;# 
    84  0193                     	;# 
    85  0193                     	;# 
    86  0193                     	;# 
    87  0194                     	;# 
    88  0195                     	;# 
    89  0196                     	;# 
    90  0199                     	;# 
    91  019A                     	;# 
    92  019B                     	;# 
    93  019B                     	;# 
    94  019B                     	;# 
    95  019B                     	;# 
    96  019C                     	;# 
    97  019C                     	;# 
    98  019D                     	;# 
    99  019E                     	;# 
   100  019F                     	;# 
   101  020C                     	;# 
   102  020D                     	;# 
   103  0211                     	;# 
   104  0211                     	;# 
   105  0212                     	;# 
   106  0212                     	;# 
   107  0213                     	;# 
   108  0213                     	;# 
   109  0214                     	;# 
   110  0214                     	;# 
   111  0215                     	;# 
   112  0215                     	;# 
   113  0215                     	;# 
   114  0216                     	;# 
   115  0216                     	;# 
   116  0217                     	;# 
   117  0217                     	;# 
   118  0219                     	;# 
   119  021A                     	;# 
   120  021B                     	;# 
   121  021C                     	;# 
   122  021D                     	;# 
   123  021E                     	;# 
   124  021F                     	;# 
   125  0291                     	;# 
   126  0291                     	;# 
   127  0292                     	;# 
   128  0293                     	;# 
   129  0294                     	;# 
   130  0295                     	;# 
   131  0295                     	;# 
   132  0296                     	;# 
   133  0298                     	;# 
   134  0298                     	;# 
   135  0299                     	;# 
   136  029A                     	;# 
   137  029B                     	;# 
   138  029C                     	;# 
   139  029C                     	;# 
   140  029D                     	;# 
   141  029E                     	;# 
   142  029E                     	;# 
   143  0311                     	;# 
   144  0311                     	;# 
   145  0312                     	;# 
   146  0313                     	;# 
   147  0318                     	;# 
   148  0318                     	;# 
   149  0319                     	;# 
   150  031A                     	;# 
   151  0394                     	;# 
   152  0395                     	;# 
   153  0396                     	;# 
   154  039A                     	;# 
   155  039C                     	;# 
   156  039D                     	;# 
   157  039E                     	;# 
   158  039F                     	;# 
   159  0415                     	;# 
   160  0416                     	;# 
   161  0417                     	;# 
   162  041C                     	;# 
   163  041D                     	;# 
   164  041E                     	;# 
   165  0FE4                     	;# 
   166  0FE5                     	;# 
   167  0FE6                     	;# 
   168  0FE7                     	;# 
   169  0FE8                     	;# 
   170  0FE9                     	;# 
   171  0FEA                     	;# 
   172  0FEB                     	;# 
   173  0FED                     	;# 
   174  0FEE                     	;# 
   175  0FEF                     	;# 
   176  0000                     	;# 
   177  0001                     	;# 
   178  0002                     	;# 
   179  0003                     	;# 
   180  0004                     	;# 
   181  0005                     	;# 
   182  0006                     	;# 
   183  0007                     	;# 
   184  0008                     	;# 
   185  0009                     	;# 
   186  000A                     	;# 
   187  000B                     	;# 
   188  000C                     	;# 
   189  000D                     	;# 
   190  0011                     	;# 
   191  0012                     	;# 
   192  0013                     	;# 
   193  0014                     	;# 
   194  0015                     	;# 
   195  0016                     	;# 
   196  0016                     	;# 
   197  0017                     	;# 
   198  0018                     	;# 
   199  0019                     	;# 
   200  001A                     	;# 
   201  001B                     	;# 
   202  001C                     	;# 
   203  001E                     	;# 
   204  001F                     	;# 
   205  008C                     	;# 
   206  008D                     	;# 
   207  0091                     	;# 
   208  0092                     	;# 
   209  0093                     	;# 
   210  0094                     	;# 
   211  0095                     	;# 
   212  0096                     	;# 
   213  0097                     	;# 
   214  0098                     	;# 
   215  0099                     	;# 
   216  009A                     	;# 
   217  009B                     	;# 
   218  009B                     	;# 
   219  009C                     	;# 
   220  009D                     	;# 
   221  009E                     	;# 
   222  010C                     	;# 
   223  010D                     	;# 
   224  0111                     	;# 
   225  0112                     	;# 
   226  0113                     	;# 
   227  0114                     	;# 
   228  0115                     	;# 
   229  0116                     	;# 
   230  0117                     	;# 
   231  0118                     	;# 
   232  0119                     	;# 
   233  011A                     	;# 
   234  011B                     	;# 
   235  011D                     	;# 
   236  011E                     	;# 
   237  018C                     	;# 
   238  018D                     	;# 
   239  0191                     	;# 
   240  0191                     	;# 
   241  0192                     	;# 
   242  0193                     	;# 
   243  0193                     	;# 
   244  0193                     	;# 
   245  0194                     	;# 
   246  0195                     	;# 
   247  0196                     	;# 
   248  0199                     	;# 
   249  019A                     	;# 
   250  019B                     	;# 
   251  019B                     	;# 
   252  019B                     	;# 
   253  019B                     	;# 
   254  019C                     	;# 
   255  019C                     	;# 
   256  019D                     	;# 
   257  019E                     	;# 
   258  019F                     	;# 
   259  020C                     	;# 
   260  020D                     	;# 
   261  0211                     	;# 
   262  0211                     	;# 
   263  0212                     	;# 
   264  0212                     	;# 
   265  0213                     	;# 
   266  0213                     	;# 
   267  0214                     	;# 
   268  0214                     	;# 
   269  0215                     	;# 
   270  0215                     	;# 
   271  0215                     	;# 
   272  0216                     	;# 
   273  0216                     	;# 
   274  0217                     	;# 
   275  0217                     	;# 
   276  0219                     	;# 
   277  021A                     	;# 
   278  021B                     	;# 
   279  021C                     	;# 
   280  021D                     	;# 
   281  021E                     	;# 
   282  021F                     	;# 
   283  0291                     	;# 
   284  0291                     	;# 
   285  0292                     	;# 
   286  0293                     	;# 
   287  0294                     	;# 
   288  0295                     	;# 
   289  0295                     	;# 
   290  0296                     	;# 
   291  0298                     	;# 
   292  0298                     	;# 
   293  0299                     	;# 
   294  029A                     	;# 
   295  029B                     	;# 
   296  029C                     	;# 
   297  029C                     	;# 
   298  029D                     	;# 
   299  029E                     	;# 
   300  029E                     	;# 
   301  0311                     	;# 
   302  0311                     	;# 
   303  0312                     	;# 
   304  0313                     	;# 
   305  0318                     	;# 
   306  0318                     	;# 
   307  0319                     	;# 
   308  031A                     	;# 
   309  0394                     	;# 
   310  0395                     	;# 
   311  0396                     	;# 
   312  039A                     	;# 
   313  039C                     	;# 
   314  039D                     	;# 
   315  039E                     	;# 
   316  039F                     	;# 
   317  0415                     	;# 
   318  0416                     	;# 
   319  0417                     	;# 
   320  041C                     	;# 
   321  041D                     	;# 
   322  041E                     	;# 
   323  0FE4                     	;# 
   324  0FE5                     	;# 
   325  0FE6                     	;# 
   326  0FE7                     	;# 
   327  0FE8                     	;# 
   328  0FE9                     	;# 
   329  0FEA                     	;# 
   330  0FEB                     	;# 
   331  0FED                     	;# 
   332  0FEE                     	;# 
   333  0FEF                     	;# 
   334  0000                     	;# 
   335  0001                     	;# 
   336  0002                     	;# 
   337  0003                     	;# 
   338  0004                     	;# 
   339  0005                     	;# 
   340  0006                     	;# 
   341  0007                     	;# 
   342  0008                     	;# 
   343  0009                     	;# 
   344  000A                     	;# 
   345  000B                     	;# 
   346  000C                     	;# 
   347  000D                     	;# 
   348  0011                     	;# 
   349  0012                     	;# 
   350  0013                     	;# 
   351  0014                     	;# 
   352  0015                     	;# 
   353  0016                     	;# 
   354  0016                     	;# 
   355  0017                     	;# 
   356  0018                     	;# 
   357  0019                     	;# 
   358  001A                     	;# 
   359  001B                     	;# 
   360  001C                     	;# 
   361  001E                     	;# 
   362  001F                     	;# 
   363  008C                     	;# 
   364  008D                     	;# 
   365  0091                     	;# 
   366  0092                     	;# 
   367  0093                     	;# 
   368  0094                     	;# 
   369  0095                     	;# 
   370  0096                     	;# 
   371  0097                     	;# 
   372  0098                     	;# 
   373  0099                     	;# 
   374  009A                     	;# 
   375  009B                     	;# 
   376  009B                     	;# 
   377  009C                     	;# 
   378  009D                     	;# 
   379  009E                     	;# 
   380  010C                     	;# 
   381  010D                     	;# 
   382  0111                     	;# 
   383  0112                     	;# 
   384  0113                     	;# 
   385  0114                     	;# 
   386  0115                     	;# 
   387  0116                     	;# 
   388  0117                     	;# 
   389  0118                     	;# 
   390  0119                     	;# 
   391  011A                     	;# 
   392  011B                     	;# 
   393  011D                     	;# 
   394  011E                     	;# 
   395  018C                     	;# 
   396  018D                     	;# 
   397  0191                     	;# 
   398  0191                     	;# 
   399  0192                     	;# 
   400  0193                     	;# 
   401  0193                     	;# 
   402  0193                     	;# 
   403  0194                     	;# 
   404  0195                     	;# 
   405  0196                     	;# 
   406  0199                     	;# 
   407  019A                     	;# 
   408  019B                     	;# 
   409  019B                     	;# 
   410  019B                     	;# 
   411  019B                     	;# 
   412  019C                     	;# 
   413  019C                     	;# 
   414  019D                     	;# 
   415  019E                     	;# 
   416  019F                     	;# 
   417  020C                     	;# 
   418  020D                     	;# 
   419  0211                     	;# 
   420  0211                     	;# 
   421  0212                     	;# 
   422  0212                     	;# 
   423  0213                     	;# 
   424  0213                     	;# 
   425  0214                     	;# 
   426  0214                     	;# 
   427  0215                     	;# 
   428  0215                     	;# 
   429  0215                     	;# 
   430  0216                     	;# 
   431  0216                     	;# 
   432  0217                     	;# 
   433  0217                     	;# 
   434  0219                     	;# 
   435  021A                     	;# 
   436  021B                     	;# 
   437  021C                     	;# 
   438  021D                     	;# 
   439  021E                     	;# 
   440  021F                     	;# 
   441  0291                     	;# 
   442  0291                     	;# 
   443  0292                     	;# 
   444  0293                     	;# 
   445  0294                     	;# 
   446  0295                     	;# 
   447  0295                     	;# 
   448  0296                     	;# 
   449  0298                     	;# 
   450  0298                     	;# 
   451  0299                     	;# 
   452  029A                     	;# 
   453  029B                     	;# 
   454  029C                     	;# 
   455  029C                     	;# 
   456  029D                     	;# 
   457  029E                     	;# 
   458  029E                     	;# 
   459  0311                     	;# 
   460  0311                     	;# 
   461  0312                     	;# 
   462  0313                     	;# 
   463  0318                     	;# 
   464  0318                     	;# 
   465  0319                     	;# 
   466  031A                     	;# 
   467  0394                     	;# 
   468  0395                     	;# 
   469  0396                     	;# 
   470  039A                     	;# 
   471  039C                     	;# 
   472  039D                     	;# 
   473  039E                     	;# 
   474  039F                     	;# 
   475  0415                     	;# 
   476  0416                     	;# 
   477  0417                     	;# 
   478  041C                     	;# 
   479  041D                     	;# 
   480  041E                     	;# 
   481  0FE4                     	;# 
   482  0FE5                     	;# 
   483  0FE6                     	;# 
   484  0FE7                     	;# 
   485  0FE8                     	;# 
   486  0FE9                     	;# 
   487  0FEA                     	;# 
   488  0FEB                     	;# 
   489  0FED                     	;# 
   490  0FEE                     	;# 
   491  0FEF                     	;# 
   492  0000                     	;# 
   493  0001                     	;# 
   494  0002                     	;# 
   495  0003                     	;# 
   496  0004                     	;# 
   497  0005                     	;# 
   498  0006                     	;# 
   499  0007                     	;# 
   500  0008                     	;# 
   501  0009                     	;# 
   502  000A                     	;# 
   503  000B                     	;# 
   504  000C                     	;# 
   505  000D                     	;# 
   506  0011                     	;# 
   507  0012                     	;# 
   508  0013                     	;# 
   509  0014                     	;# 
   510  0015                     	;# 
   511  0016                     	;# 
   512  0016                     	;# 
   513  0017                     	;# 
   514  0018                     	;# 
   515  0019                     	;# 
   516  001A                     	;# 
   517  001B                     	;# 
   518  001C                     	;# 
   519  001E                     	;# 
   520  001F                     	;# 
   521  008C                     	;# 
   522  008D                     	;# 
   523  0091                     	;# 
   524  0092                     	;# 
   525  0093                     	;# 
   526  0094                     	;# 
   527  0095                     	;# 
   528  0096                     	;# 
   529  0097                     	;# 
   530  0098                     	;# 
   531  0099                     	;# 
   532  009A                     	;# 
   533  009B                     	;# 
   534  009B                     	;# 
   535  009C                     	;# 
   536  009D                     	;# 
   537  009E                     	;# 
   538  010C                     	;# 
   539  010D                     	;# 
   540  0111                     	;# 
   541  0112                     	;# 
   542  0113                     	;# 
   543  0114                     	;# 
   544  0115                     	;# 
   545  0116                     	;# 
   546  0117                     	;# 
   547  0118                     	;# 
   548  0119                     	;# 
   549  011A                     	;# 
   550  011B                     	;# 
   551  011D                     	;# 
   552  011E                     	;# 
   553  018C                     	;# 
   554  018D                     	;# 
   555  0191                     	;# 
   556  0191                     	;# 
   557  0192                     	;# 
   558  0193                     	;# 
   559  0193                     	;# 
   560  0193                     	;# 
   561  0194                     	;# 
   562  0195                     	;# 
   563  0196                     	;# 
   564  0199                     	;# 
   565  019A                     	;# 
   566  019B                     	;# 
   567  019B                     	;# 
   568  019B                     	;# 
   569  019B                     	;# 
   570  019C                     	;# 
   571  019C                     	;# 
   572  019D                     	;# 
   573  019E                     	;# 
   574  019F                     	;# 
   575  020C                     	;# 
   576  020D                     	;# 
   577  0211                     	;# 
   578  0211                     	;# 
   579  0212                     	;# 
   580  0212                     	;# 
   581  0213                     	;# 
   582  0213                     	;# 
   583  0214                     	;# 
   584  0214                     	;# 
   585  0215                     	;# 
   586  0215                     	;# 
   587  0215                     	;# 
   588  0216                     	;# 
   589  0216                     	;# 
   590  0217                     	;# 
   591  0217                     	;# 
   592  0219                     	;# 
   593  021A                     	;# 
   594  021B                     	;# 
   595  021C                     	;# 
   596  021D                     	;# 
   597  021E                     	;# 
   598  021F                     	;# 
   599  0291                     	;# 
   600  0291                     	;# 
   601  0292                     	;# 
   602  0293                     	;# 
   603  0294                     	;# 
   604  0295                     	;# 
   605  0295                     	;# 
   606  0296                     	;# 
   607  0298                     	;# 
   608  0298                     	;# 
   609  0299                     	;# 
   610  029A                     	;# 
   611  029B                     	;# 
   612  029C                     	;# 
   613  029C                     	;# 
   614  029D                     	;# 
   615  029E                     	;# 
   616  029E                     	;# 
   617  0311                     	;# 
   618  0311                     	;# 
   619  0312                     	;# 
   620  0313                     	;# 
   621  0318                     	;# 
   622  0318                     	;# 
   623  0319                     	;# 
   624  031A                     	;# 
   625  0394                     	;# 
   626  0395                     	;# 
   627  0396                     	;# 
   628  039A                     	;# 
   629  039C                     	;# 
   630  039D                     	;# 
   631  039E                     	;# 
   632  039F                     	;# 
   633  0415                     	;# 
   634  0416                     	;# 
   635  0417                     	;# 
   636  041C                     	;# 
   637  041D                     	;# 
   638  041E                     	;# 
   639  0FE4                     	;# 
   640  0FE5                     	;# 
   641  0FE6                     	;# 
   642  0FE7                     	;# 
   643  0FE8                     	;# 
   644  0FE9                     	;# 
   645  0FEA                     	;# 
   646  0FEB                     	;# 
   647  0FED                     	;# 
   648  0FEE                     	;# 
   649  0FEF                     	;# 
   650  0000                     	;# 
   651  0001                     	;# 
   652  0002                     	;# 
   653  0003                     	;# 
   654  0004                     	;# 
   655  0005                     	;# 
   656  0006                     	;# 
   657  0007                     	;# 
   658  0008                     	;# 
   659  0009                     	;# 
   660  000A                     	;# 
   661  000B                     	;# 
   662  000C                     	;# 
   663  000D                     	;# 
   664  0011                     	;# 
   665  0012                     	;# 
   666  0013                     	;# 
   667  0014                     	;# 
   668  0015                     	;# 
   669  0016                     	;# 
   670  0016                     	;# 
   671  0017                     	;# 
   672  0018                     	;# 
   673  0019                     	;# 
   674  001A                     	;# 
   675  001B                     	;# 
   676  001C                     	;# 
   677  001E                     	;# 
   678  001F                     	;# 
   679  008C                     	;# 
   680  008D                     	;# 
   681  0091                     	;# 
   682  0092                     	;# 
   683  0093                     	;# 
   684  0094                     	;# 
   685  0095                     	;# 
   686  0096                     	;# 
   687  0097                     	;# 
   688  0098                     	;# 
   689  0099                     	;# 
   690  009A                     	;# 
   691  009B                     	;# 
   692  009B                     	;# 
   693  009C                     	;# 
   694  009D                     	;# 
   695  009E                     	;# 
   696  010C                     	;# 
   697  010D                     	;# 
   698  0111                     	;# 
   699  0112                     	;# 
   700  0113                     	;# 
   701  0114                     	;# 
   702  0115                     	;# 
   703  0116                     	;# 
   704  0117                     	;# 
   705  0118                     	;# 
   706  0119                     	;# 
   707  011A                     	;# 
   708  011B                     	;# 
   709  011D                     	;# 
   710  011E                     	;# 
   711  018C                     	;# 
   712  018D                     	;# 
   713  0191                     	;# 
   714  0191                     	;# 
   715  0192                     	;# 
   716  0193                     	;# 
   717  0193                     	;# 
   718  0193                     	;# 
   719  0194                     	;# 
   720  0195                     	;# 
   721  0196                     	;# 
   722  0199                     	;# 
   723  019A                     	;# 
   724  019B                     	;# 
   725  019B                     	;# 
   726  019B                     	;# 
   727  019B                     	;# 
   728  019C                     	;# 
   729  019C                     	;# 
   730  019D                     	;# 
   731  019E                     	;# 
   732  019F                     	;# 
   733  020C                     	;# 
   734  020D                     	;# 
   735  0211                     	;# 
   736  0211                     	;# 
   737  0212                     	;# 
   738  0212                     	;# 
   739  0213                     	;# 
   740  0213                     	;# 
   741  0214                     	;# 
   742  0214                     	;# 
   743  0215                     	;# 
   744  0215                     	;# 
   745  0215                     	;# 
   746  0216                     	;# 
   747  0216                     	;# 
   748  0217                     	;# 
   749  0217                     	;# 
   750  0219                     	;# 
   751  021A                     	;# 
   752  021B                     	;# 
   753  021C                     	;# 
   754  021D                     	;# 
   755  021E                     	;# 
   756  021F                     	;# 
   757  0291                     	;# 
   758  0291                     	;# 
   759  0292                     	;# 
   760  0293                     	;# 
   761  0294                     	;# 
   762  0295                     	;# 
   763  0295                     	;# 
   764  0296                     	;# 
   765  0298                     	;# 
   766  0298                     	;# 
   767  0299                     	;# 
   768  029A                     	;# 
   769  029B                     	;# 
   770  029C                     	;# 
   771  029C                     	;# 
   772  029D                     	;# 
   773  029E                     	;# 
   774  029E                     	;# 
   775  0311                     	;# 
   776  0311                     	;# 
   777  0312                     	;# 
   778  0313                     	;# 
   779  0318                     	;# 
   780  0318                     	;# 
   781  0319                     	;# 
   782  031A                     	;# 
   783  0394                     	;# 
   784  0395                     	;# 
   785  0396                     	;# 
   786  039A                     	;# 
   787  039C                     	;# 
   788  039D                     	;# 
   789  039E                     	;# 
   790  039F                     	;# 
   791  0415                     	;# 
   792  0416                     	;# 
   793  0417                     	;# 
   794  041C                     	;# 
   795  041D                     	;# 
   796  041E                     	;# 
   797  0FE4                     	;# 
   798  0FE5                     	;# 
   799  0FE6                     	;# 
   800  0FE7                     	;# 
   801  0FE8                     	;# 
   802  0FE9                     	;# 
   803  0FEA                     	;# 
   804  0FEB                     	;# 
   805  0FED                     	;# 
   806  0FEE                     	;# 
   807  0FEF                     	;# 
   808  0000                     	;# 
   809  0001                     	;# 
   810  0002                     	;# 
   811  0003                     	;# 
   812  0004                     	;# 
   813  0005                     	;# 
   814  0006                     	;# 
   815  0007                     	;# 
   816  0008                     	;# 
   817  0009                     	;# 
   818  000A                     	;# 
   819  000B                     	;# 
   820  000C                     	;# 
   821  000D                     	;# 
   822  0011                     	;# 
   823  0012                     	;# 
   824  0013                     	;# 
   825  0014                     	;# 
   826  0015                     	;# 
   827  0016                     	;# 
   828  0016                     	;# 
   829  0017                     	;# 
   830  0018                     	;# 
   831  0019                     	;# 
   832  001A                     	;# 
   833  001B                     	;# 
   834  001C                     	;# 
   835  001E                     	;# 
   836  001F                     	;# 
   837  008C                     	;# 
   838  008D                     	;# 
   839  0091                     	;# 
   840  0092                     	;# 
   841  0093                     	;# 
   842  0094                     	;# 
   843  0095                     	;# 
   844  0096                     	;# 
   845  0097                     	;# 
   846  0098                     	;# 
   847  0099                     	;# 
   848  009A                     	;# 
   849  009B                     	;# 
   850  009B                     	;# 
   851  009C                     	;# 
   852  009D                     	;# 
   853  009E                     	;# 
   854  010C                     	;# 
   855  010D                     	;# 
   856  0111                     	;# 
   857  0112                     	;# 
   858  0113                     	;# 
   859  0114                     	;# 
   860  0115                     	;# 
   861  0116                     	;# 
   862  0117                     	;# 
   863  0118                     	;# 
   864  0119                     	;# 
   865  011A                     	;# 
   866  011B                     	;# 
   867  011D                     	;# 
   868  011E                     	;# 
   869  018C                     	;# 
   870  018D                     	;# 
   871  0191                     	;# 
   872  0191                     	;# 
   873  0192                     	;# 
   874  0193                     	;# 
   875  0193                     	;# 
   876  0193                     	;# 
   877  0194                     	;# 
   878  0195                     	;# 
   879  0196                     	;# 
   880  0199                     	;# 
   881  019A                     	;# 
   882  019B                     	;# 
   883  019B                     	;# 
   884  019B                     	;# 
   885  019B                     	;# 
   886  019C                     	;# 
   887  019C                     	;# 
   888  019D                     	;# 
   889  019E                     	;# 
   890  019F                     	;# 
   891  020C                     	;# 
   892  020D                     	;# 
   893  0211                     	;# 
   894  0211                     	;# 
   895  0212                     	;# 
   896  0212                     	;# 
   897  0213                     	;# 
   898  0213                     	;# 
   899  0214                     	;# 
   900  0214                     	;# 
   901  0215                     	;# 
   902  0215                     	;# 
   903  0215                     	;# 
   904  0216                     	;# 
   905  0216                     	;# 
   906  0217                     	;# 
   907  0217                     	;# 
   908  0219                     	;# 
   909  021A                     	;# 
   910  021B                     	;# 
   911  021C                     	;# 
   912  021D                     	;# 
   913  021E                     	;# 
   914  021F                     	;# 
   915  0291                     	;# 
   916  0291                     	;# 
   917  0292                     	;# 
   918  0293                     	;# 
   919  0294                     	;# 
   920  0295                     	;# 
   921  0295                     	;# 
   922  0296                     	;# 
   923  0298                     	;# 
   924  0298                     	;# 
   925  0299                     	;# 
   926  029A                     	;# 
   927  029B                     	;# 
   928  029C                     	;# 
   929  029C                     	;# 
   930  029D                     	;# 
   931  029E                     	;# 
   932  029E                     	;# 
   933  0311                     	;# 
   934  0311                     	;# 
   935  0312                     	;# 
   936  0313                     	;# 
   937  0318                     	;# 
   938  0318                     	;# 
   939  0319                     	;# 
   940  031A                     	;# 
   941  0394                     	;# 
   942  0395                     	;# 
   943  0396                     	;# 
   944  039A                     	;# 
   945  039C                     	;# 
   946  039D                     	;# 
   947  039E                     	;# 
   948  039F                     	;# 
   949  0415                     	;# 
   950  0416                     	;# 
   951  0417                     	;# 
   952  041C                     	;# 
   953  041D                     	;# 
   954  041E                     	;# 
   955  0FE4                     	;# 
   956  0FE5                     	;# 
   957  0FE6                     	;# 
   958  0FE7                     	;# 
   959  0FE8                     	;# 
   960  0FE9                     	;# 
   961  0FEA                     	;# 
   962  0FEB                     	;# 
   963  0FED                     	;# 
   964  0FEE                     	;# 
   965  0FEF                     	;# 
   966  0011                     _PIR1bits	set	17
   967  001B                     _PR2	set	27
   968  001C                     _T2CON	set	28
   969  001C                     _T2CONbits	set	28
   970  001A                     _TMR2	set	26
   971  009D                     _ADCON0	set	157
   972  009D                     _ADCON0bits	set	157
   973  009E                     _ADCON1	set	158
   974  009C                     _ADRESH	set	156
   975  009B                     _ADRESL	set	155
   976  0095                     _OPTION_REGbits	set	149
   977  0099                     _OSCCON	set	153
   978  009A                     _OSCSTAT	set	154
   979  0098                     _OSCTUNE	set	152
   980  008C                     _TRISA	set	140
   981  008D                     _TRISB	set	141
   982  011D                     _APFCON0	set	285
   983  011E                     _APFCON1	set	286
   984  010C                     _LATA	set	268
   985  010D                     _LATB	set	269
   986  018C                     _ANSELA	set	396
   987  018D                     _ANSELB	set	397
   988  020C                     _WPUA	set	524
   989  020D                     _WPUB	set	525
   990  029E                     _CCPTMRS0bits	set	670
   991  0313                     _CCP3CON	set	787
   992  0312                     _CCPR3H	set	786
   993  0311                     _CCPR3L	set	785
   994                           
   995                           	psect	text0
   996  0000                     __ptext0:	
   997                           ; #config settings
   998                           
   999                           
  1000                           ;psect for function _ADC_GetConversion
  1001  0000                     
  1002                           	psect	cinit
  1003  07FC                     start_initialization:	
  1004  07FC                     __initialization:	
  1005  07FC                     end_of_initialization:	
  1006                           ;End of C runtime variable initialization code
  1007                           
  1008  07FC                     __end_of__initialization:	
  1009  07FC  107E               	bcf	pic14e$flags,0	;clear compiler interrupt flag
  1010  07FD  0020               	movlb	0
  1011  07FE  3187  2FDF         	ljmp	_main	;jump to C main() function
  1012                           
  1013                           	psect	cstackCOMMON
  1014  0070                     __pcstackCOMMON:	
  1015  0070                     ?_OSCILLATOR_Initialize:	
  1016  0070                     ??_OSCILLATOR_Initialize:	
  1017                           ; 0 bytes @ 0x0
  1018                           
  1019  0070                     ?_TMR2_Initialize:	
  1020                           ; 0 bytes @ 0x0
  1021                           
  1022  0070                     ??_TMR2_Initialize:	
  1023                           ; 0 bytes @ 0x0
  1024                           
  1025  0070                     ?_PWM3_Initialize:	
  1026                           ; 0 bytes @ 0x0
  1027                           
  1028  0070                     ??_PWM3_Initialize:	
  1029                           ; 0 bytes @ 0x0
  1030                           
  1031  0070                     ?_ADC_Initialize:	
  1032                           ; 0 bytes @ 0x0
  1033                           
  1034  0070                     ??_ADC_Initialize:	
  1035                           ; 0 bytes @ 0x0
  1036                           
  1037  0070                     ?_PWM3_LoadDutyValue:	
  1038                           ; 0 bytes @ 0x0
  1039                           
  1040  0070                     ?_TMR2_StartTimer:	
  1041                           ; 0 bytes @ 0x0
  1042                           
  1043  0070                     ??_TMR2_StartTimer:	
  1044                           ; 0 bytes @ 0x0
  1045                           
  1046  0070                     ?_PIN_MANAGER_Initialize:	
  1047                           ; 0 bytes @ 0x0
  1048                           
  1049  0070                     ??_PIN_MANAGER_Initialize:	
  1050                           ; 0 bytes @ 0x0
  1051                           
  1052  0070                     ?_SYSTEM_Initialize:	
  1053                           ; 0 bytes @ 0x0
  1054                           
  1055  0070                     ??_SYSTEM_Initialize:	
  1056                           ; 0 bytes @ 0x0
  1057                           
  1058  0070                     ?_main:	
  1059                           ; 0 bytes @ 0x0
  1060                           
  1061  0070                     ?_ADC_GetConversion:	
  1062                           ; 0 bytes @ 0x0
  1063                           
  1064  0070                     PWM3_LoadDutyValue@dutyValue:	
  1065                           ; 2 bytes @ 0x0
  1066                           
  1067                           
  1068                           ; 2 bytes @ 0x0
  1069  0070                     	ds	2
  1070  0072                     ??_ADC_GetConversion:	
  1071  0072                     ??_PWM3_LoadDutyValue:	
  1072                           ; 0 bytes @ 0x2
  1073                           
  1074                           
  1075                           ; 0 bytes @ 0x2
  1076  0072                     	ds	1
  1077  0073                     ADC_GetConversion@channel:	
  1078                           
  1079                           ; 1 bytes @ 0x3
  1080  0073                     	ds	1
  1081  0074                     ??_main:	
  1082  0074                     main@conversion:	
  1083                           ; 0 bytes @ 0x4
  1084                           
  1085                           
  1086                           ; 2 bytes @ 0x4
  1087  0074                     	ds	2
  1088                           
  1089                           	psect	maintext
  1090  07DF                     __pmaintext:	
  1091 ;;
  1092 ;;Main: autosize = 0, tempsize = 0, incstack = 0, save=0
  1093 ;;
  1094 ;; *************** function _main *****************
  1095 ;; Defined at:
  1096 ;;		line 52 in file "main.c"
  1097 ;; Parameters:    Size  Location     Type
  1098 ;;		None
  1099 ;; Auto vars:     Size  Location     Type
  1100 ;;  conversion      2    4[COMMON] int 
  1101 ;; Return value:  Size  Location     Type
  1102 ;;		None               void
  1103 ;; Registers used:
  1104 ;;		wreg, status,2, status,0, pclath, cstack
  1105 ;; Tracked objects:
  1106 ;;		On entry : 17F/0
  1107 ;;		On exit  : 0/0
  1108 ;;		Unchanged: 0/0
  1109 ;; Data sizes:     COMMON   BANK0   BANK1   BANK2   BANK3   BANK4
  1110 ;;      Params:         0       0       0       0       0       0
  1111 ;;      Locals:         2       0       0       0       0       0
  1112 ;;      Temps:          0       0       0       0       0       0
  1113 ;;      Totals:         2       0       0       0       0       0
  1114 ;;Total ram usage:        2 bytes
  1115 ;; Hardware stack levels required when called:    3
  1116 ;; This function calls:
  1117 ;;		_ADC_GetConversion
  1118 ;;		_ADC_Initialize
  1119 ;;		_PWM3_Initialize
  1120 ;;		_PWM3_LoadDutyValue
  1121 ;;		_SYSTEM_Initialize
  1122 ;; This function is called by:
  1123 ;;		Startup code after reset
  1124 ;; This function uses a non-reentrant model
  1125 ;;
  1126                           
  1127                           
  1128                           ;psect for function _main
  1129  07DF                     _main:	
  1130                           
  1131                           ;main.c: 55: int conversion;
  1132                           ;main.c: 57: SYSTEM_Initialize();
  1133                           
  1134                           ;incstack = 0
  1135                           ; Regs used in _main: [wreg+status,2+status,0+pclath+cstack]
  1136  07DF  3187  2785  3187   	fcall	_SYSTEM_Initialize
  1137                           
  1138                           ;main.c: 58: ADC_Initialize();
  1139  07E2  3187  2769  3187   	fcall	_ADC_Initialize
  1140                           
  1141                           ;main.c: 59: PWM3_Initialize();
  1142  07E5  3187  2771  3187   	fcall	_PWM3_Initialize
  1143  07E8                     l60:	
  1144                           ;main.c: 76: while (1)
  1145                           
  1146                           
  1147                           ;main.c: 77: {
  1148                           ;main.c: 78: conversion = ADC_GetConversion(control);
  1149  07E8  3000               	movlw	0
  1150  07E9  3187  27AB  3187   	fcall	_ADC_GetConversion
  1151  07EC  0871               	movf	?_ADC_GetConversion+1,w
  1152  07ED  01F5               	clrf	main@conversion+1
  1153  07EE  07F5               	addwf	main@conversion+1,f
  1154  07EF  0870               	movf	?_ADC_GetConversion,w
  1155  07F0  01F4               	clrf	main@conversion
  1156  07F1  07F4               	addwf	main@conversion,f
  1157                           
  1158                           ;main.c: 79: PWM3_LoadDutyValue(conversion);
  1159  07F2  0875               	movf	main@conversion+1,w
  1160  07F3  01F1               	clrf	PWM3_LoadDutyValue@dutyValue+1
  1161  07F4  07F1               	addwf	PWM3_LoadDutyValue@dutyValue+1,f
  1162  07F5  0874               	movf	main@conversion,w
  1163  07F6  01F0               	clrf	PWM3_LoadDutyValue@dutyValue
  1164  07F7  07F0               	addwf	PWM3_LoadDutyValue@dutyValue,f
  1165  07F8  3187  2794  3187   	fcall	_PWM3_LoadDutyValue
  1166  07FB  2FE8               	goto	l60
  1167  07FC                     __end_of_main:	
  1168                           
  1169                           	psect	text1
  1170  0785                     __ptext1:	
  1171 ;; *************** function _SYSTEM_Initialize *****************
  1172 ;; Defined at:
  1173 ;;		line 70 in file "mcc_generated_files/mcc.c"
  1174 ;; Parameters:    Size  Location     Type
  1175 ;;		None
  1176 ;; Auto vars:     Size  Location     Type
  1177 ;;		None
  1178 ;; Return value:  Size  Location     Type
  1179 ;;		None               void
  1180 ;; Registers used:
  1181 ;;		wreg, status,2, status,0, pclath, cstack
  1182 ;; Tracked objects:
  1183 ;;		On entry : 0/0
  1184 ;;		On exit  : 0/0
  1185 ;;		Unchanged: 0/0
  1186 ;; Data sizes:     COMMON   BANK0   BANK1   BANK2   BANK3   BANK4
  1187 ;;      Params:         0       0       0       0       0       0
  1188 ;;      Locals:         0       0       0       0       0       0
  1189 ;;      Temps:          0       0       0       0       0       0
  1190 ;;      Totals:         0       0       0       0       0       0
  1191 ;;Total ram usage:        0 bytes
  1192 ;; Hardware stack levels used:    1
  1193 ;; Hardware stack levels required when called:    2
  1194 ;; This function calls:
  1195 ;;		_ADC_Initialize
  1196 ;;		_OSCILLATOR_Initialize
  1197 ;;		_PIN_MANAGER_Initialize
  1198 ;;		_PWM3_Initialize
  1199 ;;		_TMR2_Initialize
  1200 ;; This function is called by:
  1201 ;;		_main
  1202 ;; This function uses a non-reentrant model
  1203 ;;
  1204                           
  1205                           
  1206                           ;psect for function _SYSTEM_Initialize
  1207  0785                     _SYSTEM_Initialize:	
  1208                           
  1209                           ;mcc.c: 72: OSCILLATOR_Initialize();
  1210                           
  1211                           ;incstack = 0
  1212                           ; Regs used in _SYSTEM_Initialize: [wreg+status,2+status,0+pclath+cstack]
  1213  0785  3187  2763  3187   	fcall	_OSCILLATOR_Initialize
  1214                           
  1215                           ;mcc.c: 73: PIN_MANAGER_Initialize();
  1216  0788  3187  27C5  3187   	fcall	_PIN_MANAGER_Initialize
  1217                           
  1218                           ;mcc.c: 74: TMR2_Initialize();
  1219  078B  3187  277B  3187   	fcall	_TMR2_Initialize
  1220                           
  1221                           ;mcc.c: 75: PWM3_Initialize();
  1222  078E  3187  2771  3187   	fcall	_PWM3_Initialize
  1223                           
  1224                           ;mcc.c: 76: ADC_Initialize();
  1225  0791  3187  2769         	fcall	_ADC_Initialize
  1226  0793  0008               	return
  1227  0794                     __end_of_SYSTEM_Initialize:	
  1228                           
  1229                           	psect	text2
  1230  077B                     __ptext2:	
  1231 ;; *************** function _TMR2_Initialize *****************
  1232 ;; Defined at:
  1233 ;;		line 58 in file "mcc_generated_files/tmr2.c"
  1234 ;; Parameters:    Size  Location     Type
  1235 ;;		None
  1236 ;; Auto vars:     Size  Location     Type
  1237 ;;		None
  1238 ;; Return value:  Size  Location     Type
  1239 ;;		None               void
  1240 ;; Registers used:
  1241 ;;		wreg, status,2, status,0, pclath, cstack
  1242 ;; Tracked objects:
  1243 ;;		On entry : 0/0
  1244 ;;		On exit  : 0/0
  1245 ;;		Unchanged: 0/0
  1246 ;; Data sizes:     COMMON   BANK0   BANK1   BANK2   BANK3   BANK4
  1247 ;;      Params:         0       0       0       0       0       0
  1248 ;;      Locals:         0       0       0       0       0       0
  1249 ;;      Temps:          0       0       0       0       0       0
  1250 ;;      Totals:         0       0       0       0       0       0
  1251 ;;Total ram usage:        0 bytes
  1252 ;; Hardware stack levels used:    1
  1253 ;; Hardware stack levels required when called:    1
  1254 ;; This function calls:
  1255 ;;		_TMR2_StartTimer
  1256 ;; This function is called by:
  1257 ;;		_SYSTEM_Initialize
  1258 ;; This function uses a non-reentrant model
  1259 ;;
  1260                           
  1261                           
  1262                           ;psect for function _TMR2_Initialize
  1263  077B                     _TMR2_Initialize:	
  1264                           
  1265                           ;tmr2.c: 63: T2CON = 0x22;
  1266                           
  1267                           ;incstack = 0
  1268                           ; Regs used in _TMR2_Initialize: [wreg+status,2+status,0+pclath+cstack]
  1269  077B  3022               	movlw	34
  1270  077C  0020               	movlb	0	; select bank0
  1271  077D  009C               	movwf	28	;volatile
  1272                           
  1273                           ;tmr2.c: 66: PR2 = 0xFF;
  1274  077E  30FF               	movlw	255
  1275  077F  009B               	movwf	27	;volatile
  1276                           
  1277                           ;tmr2.c: 69: TMR2 = 0x00;
  1278  0780  019A               	clrf	26	;volatile
  1279                           
  1280                           ;tmr2.c: 72: PIR1bits.TMR2IF = 0;
  1281  0781  1091               	bcf	17,1	;volatile
  1282                           
  1283                           ;tmr2.c: 75: TMR2_StartTimer();
  1284  0782  3187  2760         	fcall	_TMR2_StartTimer
  1285  0784  0008               	return
  1286  0785                     __end_of_TMR2_Initialize:	
  1287                           
  1288                           	psect	text3
  1289  0760                     __ptext3:	
  1290 ;; *************** function _TMR2_StartTimer *****************
  1291 ;; Defined at:
  1292 ;;		line 78 in file "mcc_generated_files/tmr2.c"
  1293 ;; Parameters:    Size  Location     Type
  1294 ;;		None
  1295 ;; Auto vars:     Size  Location     Type
  1296 ;;		None
  1297 ;; Return value:  Size  Location     Type
  1298 ;;		None               void
  1299 ;; Registers used:
  1300 ;;		None
  1301 ;; Tracked objects:
  1302 ;;		On entry : 0/0
  1303 ;;		On exit  : 0/0
  1304 ;;		Unchanged: 0/0
  1305 ;; Data sizes:     COMMON   BANK0   BANK1   BANK2   BANK3   BANK4
  1306 ;;      Params:         0       0       0       0       0       0
  1307 ;;      Locals:         0       0       0       0       0       0
  1308 ;;      Temps:          0       0       0       0       0       0
  1309 ;;      Totals:         0       0       0       0       0       0
  1310 ;;Total ram usage:        0 bytes
  1311 ;; Hardware stack levels used:    1
  1312 ;; This function calls:
  1313 ;;		Nothing
  1314 ;; This function is called by:
  1315 ;;		_TMR2_Initialize
  1316 ;; This function uses a non-reentrant model
  1317 ;;
  1318                           
  1319                           
  1320                           ;psect for function _TMR2_StartTimer
  1321  0760                     _TMR2_StartTimer:	
  1322                           
  1323                           ;tmr2.c: 81: T2CONbits.TMR2ON = 1;
  1324                           
  1325                           ;incstack = 0
  1326                           ; Regs used in _TMR2_StartTimer: []
  1327  0760  0020               	movlb	0	; select bank0
  1328  0761  151C               	bsf	28,2	;volatile
  1329  0762  0008               	return
  1330  0763                     __end_of_TMR2_StartTimer:	
  1331                           
  1332                           	psect	text4
  1333  0771                     __ptext4:	
  1334 ;; *************** function _PWM3_Initialize *****************
  1335 ;; Defined at:
  1336 ;;		line 64 in file "mcc_generated_files/pwm3.c"
  1337 ;; Parameters:    Size  Location     Type
  1338 ;;		None
  1339 ;; Auto vars:     Size  Location     Type
  1340 ;;		None
  1341 ;; Return value:  Size  Location     Type
  1342 ;;		None               void
  1343 ;; Registers used:
  1344 ;;		wreg, status,2, status,0
  1345 ;; Tracked objects:
  1346 ;;		On entry : 0/0
  1347 ;;		On exit  : 0/0
  1348 ;;		Unchanged: 0/0
  1349 ;; Data sizes:     COMMON   BANK0   BANK1   BANK2   BANK3   BANK4
  1350 ;;      Params:         0       0       0       0       0       0
  1351 ;;      Locals:         0       0       0       0       0       0
  1352 ;;      Temps:          0       0       0       0       0       0
  1353 ;;      Totals:         0       0       0       0       0       0
  1354 ;;Total ram usage:        0 bytes
  1355 ;; Hardware stack levels used:    1
  1356 ;; This function calls:
  1357 ;;		Nothing
  1358 ;; This function is called by:
  1359 ;;		_SYSTEM_Initialize
  1360 ;;		_main
  1361 ;; This function uses a non-reentrant model
  1362 ;;
  1363                           
  1364                           
  1365                           ;psect for function _PWM3_Initialize
  1366  0771                     _PWM3_Initialize:	
  1367                           
  1368                           ;pwm3.c: 69: CCP3CON = 0x3C;
  1369                           
  1370                           ;incstack = 0
  1371                           ; Regs used in _PWM3_Initialize: [wreg+status,2+status,0]
  1372  0771  303C               	movlw	60
  1373  0772  0026               	movlb	6	; select bank6
  1374  0773  0093               	movwf	19	;volatile
  1375                           
  1376                           ;pwm3.c: 72: CCPR3L = 0x7F;
  1377  0774  307F               	movlw	127
  1378  0775  0091               	movwf	17	;volatile
  1379                           
  1380                           ;pwm3.c: 75: CCPR3H = 0x00;
  1381  0776  0192               	clrf	18	;volatile
  1382                           
  1383                           ;pwm3.c: 79: CCPTMRS0bits.C3TSEL = 0x0;
  1384  0777  30CF               	movlw	-49
  1385  0778  0025               	movlb	5	; select bank5
  1386  0779  059E               	andwf	30,f	;volatile
  1387  077A  0008               	return
  1388  077B                     __end_of_PWM3_Initialize:	
  1389                           
  1390                           	psect	text5
  1391  07C5                     __ptext5:	
  1392 ;; *************** function _PIN_MANAGER_Initialize *****************
  1393 ;; Defined at:
  1394 ;;		line 50 in file "mcc_generated_files/pin_manager.c"
  1395 ;; Parameters:    Size  Location     Type
  1396 ;;		None
  1397 ;; Auto vars:     Size  Location     Type
  1398 ;;		None
  1399 ;; Return value:  Size  Location     Type
  1400 ;;		None               void
  1401 ;; Registers used:
  1402 ;;		wreg, status,2
  1403 ;; Tracked objects:
  1404 ;;		On entry : 0/0
  1405 ;;		On exit  : 0/0
  1406 ;;		Unchanged: 0/0
  1407 ;; Data sizes:     COMMON   BANK0   BANK1   BANK2   BANK3   BANK4
  1408 ;;      Params:         0       0       0       0       0       0
  1409 ;;      Locals:         0       0       0       0       0       0
  1410 ;;      Temps:          0       0       0       0       0       0
  1411 ;;      Totals:         0       0       0       0       0       0
  1412 ;;Total ram usage:        0 bytes
  1413 ;; Hardware stack levels used:    1
  1414 ;; This function calls:
  1415 ;;		Nothing
  1416 ;; This function is called by:
  1417 ;;		_SYSTEM_Initialize
  1418 ;; This function uses a non-reentrant model
  1419 ;;
  1420                           
  1421                           
  1422                           ;psect for function _PIN_MANAGER_Initialize
  1423  07C5                     _PIN_MANAGER_Initialize:	
  1424                           
  1425                           ;pin_manager.c: 52: LATA = 0x00;
  1426                           
  1427                           ;incstack = 0
  1428                           ; Regs used in _PIN_MANAGER_Initialize: [wreg+status,2]
  1429  07C5  0022               	movlb	2	; select bank2
  1430  07C6  018C               	clrf	12	;volatile
  1431                           
  1432                           ;pin_manager.c: 53: TRISA = 0xF7;
  1433  07C7  30F7               	movlw	247
  1434  07C8  0021               	movlb	1	; select bank1
  1435  07C9  008C               	movwf	12	;volatile
  1436                           
  1437                           ;pin_manager.c: 54: ANSELA = 0x17;
  1438  07CA  3017               	movlw	23
  1439  07CB  0023               	movlb	3	; select bank3
  1440  07CC  008C               	movwf	12	;volatile
  1441                           
  1442                           ;pin_manager.c: 55: WPUA = 0x00;
  1443  07CD  0024               	movlb	4	; select bank4
  1444  07CE  018C               	clrf	12	;volatile
  1445                           
  1446                           ;pin_manager.c: 57: LATB = 0x00;
  1447  07CF  0022               	movlb	2	; select bank2
  1448  07D0  018D               	clrf	13	;volatile
  1449                           
  1450                           ;pin_manager.c: 58: TRISB = 0xFF;
  1451  07D1  30FF               	movlw	255
  1452  07D2  0021               	movlb	1	; select bank1
  1453  07D3  008D               	movwf	13	;volatile
  1454                           
  1455                           ;pin_manager.c: 59: ANSELB = 0xFE;
  1456  07D4  30FE               	movlw	254
  1457  07D5  0023               	movlb	3	; select bank3
  1458  07D6  008D               	movwf	13	;volatile
  1459                           
  1460                           ;pin_manager.c: 60: WPUB = 0x00;
  1461  07D7  0024               	movlb	4	; select bank4
  1462  07D8  018D               	clrf	13	;volatile
  1463                           
  1464                           ;pin_manager.c: 62: OPTION_REGbits.nWPUEN = 0x01;
  1465  07D9  0021               	movlb	1	; select bank1
  1466  07DA  1795               	bsf	21,7	;volatile
  1467                           
  1468                           ;pin_manager.c: 64: APFCON0 = 0x00;
  1469  07DB  0022               	movlb	2	; select bank2
  1470  07DC  019D               	clrf	29	;volatile
  1471                           
  1472                           ;pin_manager.c: 66: APFCON1 = 0x00;
  1473  07DD  019E               	clrf	30	;volatile
  1474  07DE  0008               	return
  1475  07DF                     __end_of_PIN_MANAGER_Initialize:	
  1476                           
  1477                           	psect	text6
  1478  0763                     __ptext6:	
  1479 ;; *************** function _OSCILLATOR_Initialize *****************
  1480 ;; Defined at:
  1481 ;;		line 79 in file "mcc_generated_files/mcc.c"
  1482 ;; Parameters:    Size  Location     Type
  1483 ;;		None
  1484 ;; Auto vars:     Size  Location     Type
  1485 ;;		None
  1486 ;; Return value:  Size  Location     Type
  1487 ;;		None               void
  1488 ;; Registers used:
  1489 ;;		wreg, status,2
  1490 ;; Tracked objects:
  1491 ;;		On entry : 0/0
  1492 ;;		On exit  : 0/0
  1493 ;;		Unchanged: 0/0
  1494 ;; Data sizes:     COMMON   BANK0   BANK1   BANK2   BANK3   BANK4
  1495 ;;      Params:         0       0       0       0       0       0
  1496 ;;      Locals:         0       0       0       0       0       0
  1497 ;;      Temps:          0       0       0       0       0       0
  1498 ;;      Totals:         0       0       0       0       0       0
  1499 ;;Total ram usage:        0 bytes
  1500 ;; Hardware stack levels used:    1
  1501 ;; This function calls:
  1502 ;;		Nothing
  1503 ;; This function is called by:
  1504 ;;		_SYSTEM_Initialize
  1505 ;; This function uses a non-reentrant model
  1506 ;;
  1507                           
  1508                           
  1509                           ;psect for function _OSCILLATOR_Initialize
  1510  0763                     _OSCILLATOR_Initialize:	
  1511                           
  1512                           ;mcc.c: 82: OSCCON = 0x38;
  1513                           
  1514                           ;incstack = 0
  1515                           ; Regs used in _OSCILLATOR_Initialize: [wreg+status,2]
  1516  0763  3038               	movlw	56
  1517  0764  0021               	movlb	1	; select bank1
  1518  0765  0099               	movwf	25	;volatile
  1519                           
  1520                           ;mcc.c: 84: OSCSTAT = 0x00;
  1521  0766  019A               	clrf	26	;volatile
  1522                           
  1523                           ;mcc.c: 86: OSCTUNE = 0x00;
  1524  0767  0198               	clrf	24	;volatile
  1525  0768  0008               	return
  1526  0769                     __end_of_OSCILLATOR_Initialize:	
  1527                           
  1528                           	psect	text7
  1529  0769                     __ptext7:	
  1530 ;; *************** function _ADC_Initialize *****************
  1531 ;; Defined at:
  1532 ;;		line 65 in file "mcc_generated_files/adc.c"
  1533 ;; Parameters:    Size  Location     Type
  1534 ;;		None
  1535 ;; Auto vars:     Size  Location     Type
  1536 ;;		None
  1537 ;; Return value:  Size  Location     Type
  1538 ;;		None               void
  1539 ;; Registers used:
  1540 ;;		wreg, status,2
  1541 ;; Tracked objects:
  1542 ;;		On entry : 0/0
  1543 ;;		On exit  : 0/0
  1544 ;;		Unchanged: 0/0
  1545 ;; Data sizes:     COMMON   BANK0   BANK1   BANK2   BANK3   BANK4
  1546 ;;      Params:         0       0       0       0       0       0
  1547 ;;      Locals:         0       0       0       0       0       0
  1548 ;;      Temps:          0       0       0       0       0       0
  1549 ;;      Totals:         0       0       0       0       0       0
  1550 ;;Total ram usage:        0 bytes
  1551 ;; Hardware stack levels used:    1
  1552 ;; This function calls:
  1553 ;;		Nothing
  1554 ;; This function is called by:
  1555 ;;		_SYSTEM_Initialize
  1556 ;;		_main
  1557 ;; This function uses a non-reentrant model
  1558 ;;
  1559                           
  1560                           
  1561                           ;psect for function _ADC_Initialize
  1562  0769                     _ADC_Initialize:	
  1563                           
  1564                           ;adc.c: 70: ADCON0 = 0x01;
  1565                           
  1566                           ;incstack = 0
  1567                           ; Regs used in _ADC_Initialize: [wreg+status,2]
  1568  0769  3001               	movlw	1
  1569  076A  0021               	movlb	1	; select bank1
  1570  076B  009D               	movwf	29	;volatile
  1571                           
  1572                           ;adc.c: 73: ADCON1 = 0x90;
  1573  076C  3090               	movlw	144
  1574  076D  009E               	movwf	30	;volatile
  1575                           
  1576                           ;adc.c: 76: ADRESL = 0x00;
  1577  076E  019B               	clrf	27	;volatile
  1578                           
  1579                           ;adc.c: 79: ADRESH = 0x00;
  1580  076F  019C               	clrf	28	;volatile
  1581  0770  0008               	return
  1582  0771                     __end_of_ADC_Initialize:	
  1583                           
  1584                           	psect	text8
  1585  0794                     __ptext8:	
  1586 ;; *************** function _PWM3_LoadDutyValue *****************
  1587 ;; Defined at:
  1588 ;;		line 82 in file "mcc_generated_files/pwm3.c"
  1589 ;; Parameters:    Size  Location     Type
  1590 ;;  dutyValue       2    0[COMMON] unsigned int 
  1591 ;; Auto vars:     Size  Location     Type
  1592 ;;		None
  1593 ;; Return value:  Size  Location     Type
  1594 ;;		None               void
  1595 ;; Registers used:
  1596 ;;		wreg, status,2, status,0
  1597 ;; Tracked objects:
  1598 ;;		On entry : 0/0
  1599 ;;		On exit  : 0/0
  1600 ;;		Unchanged: 0/0
  1601 ;; Data sizes:     COMMON   BANK0   BANK1   BANK2   BANK3   BANK4
  1602 ;;      Params:         2       0       0       0       0       0
  1603 ;;      Locals:         0       0       0       0       0       0
  1604 ;;      Temps:          2       0       0       0       0       0
  1605 ;;      Totals:         4       0       0       0       0       0
  1606 ;;Total ram usage:        4 bytes
  1607 ;; Hardware stack levels used:    1
  1608 ;; This function calls:
  1609 ;;		Nothing
  1610 ;; This function is called by:
  1611 ;;		_main
  1612 ;; This function uses a non-reentrant model
  1613 ;;
  1614                           
  1615                           
  1616                           ;psect for function _PWM3_LoadDutyValue
  1617  0794                     _PWM3_LoadDutyValue:	
  1618                           
  1619                           ;pwm3.c: 85: CCPR3L = ((dutyValue & 0x03FC)>>2);
  1620                           
  1621                           ;incstack = 0
  1622                           ; Regs used in _PWM3_LoadDutyValue: [wreg+status,2+status,0]
  1623  0794  0871               	movf	PWM3_LoadDutyValue@dutyValue+1,w
  1624  0795  00F3               	movwf	??_PWM3_LoadDutyValue+1
  1625  0796  0870               	movf	PWM3_LoadDutyValue@dutyValue,w
  1626  0797  00F2               	movwf	??_PWM3_LoadDutyValue
  1627  0798  36F3               	lsrf	??_PWM3_LoadDutyValue+1,f
  1628  0799  0CF2               	rrf	??_PWM3_LoadDutyValue,f
  1629  079A  36F3               	lsrf	??_PWM3_LoadDutyValue+1,f
  1630  079B  0CF2               	rrf	??_PWM3_LoadDutyValue,f
  1631  079C  0872               	movf	??_PWM3_LoadDutyValue,w
  1632  079D  0026               	movlb	6	; select bank6
  1633  079E  0091               	movwf	17	;volatile
  1634                           
  1635                           ;pwm3.c: 88: CCP3CON = (CCP3CON & 0xCF) | ((dutyValue & 0x0003)<<4);
  1636  079F  0870               	movf	PWM3_LoadDutyValue@dutyValue,w
  1637  07A0  3903               	andlw	3
  1638  07A1  00F2               	movwf	??_PWM3_LoadDutyValue
  1639  07A2  3004               	movlw	4
  1640  07A3                     u25:	
  1641  07A3  35F2               	lslf	??_PWM3_LoadDutyValue,f
  1642  07A4  0B89               	decfsz	9,f
  1643  07A5  2FA3               	goto	u25
  1644  07A6  0813               	movf	19,w	;volatile
  1645  07A7  39CF               	andlw	207
  1646  07A8  0472               	iorwf	??_PWM3_LoadDutyValue,w
  1647  07A9  0093               	movwf	19	;volatile
  1648  07AA  0008               	return
  1649  07AB                     __end_of_PWM3_LoadDutyValue:	
  1650                           
  1651                           	psect	text9
  1652  07AB                     __ptext9:	
  1653 ;; *************** function _ADC_GetConversion *****************
  1654 ;; Defined at:
  1655 ;;		line 110 in file "mcc_generated_files/adc.c"
  1656 ;; Parameters:    Size  Location     Type
  1657 ;;  channel         1    wreg     enum E2795
  1658 ;; Auto vars:     Size  Location     Type
  1659 ;;  channel         1    3[COMMON] enum E2795
  1660 ;; Return value:  Size  Location     Type
  1661 ;;                  2    0[COMMON] unsigned int 
  1662 ;; Registers used:
  1663 ;;		wreg, status,2, status,0
  1664 ;; Tracked objects:
  1665 ;;		On entry : 0/0
  1666 ;;		On exit  : 0/0
  1667 ;;		Unchanged: 0/0
  1668 ;; Data sizes:     COMMON   BANK0   BANK1   BANK2   BANK3   BANK4
  1669 ;;      Params:         2       0       0       0       0       0
  1670 ;;      Locals:         1       0       0       0       0       0
  1671 ;;      Temps:          1       0       0       0       0       0
  1672 ;;      Totals:         4       0       0       0       0       0
  1673 ;;Total ram usage:        4 bytes
  1674 ;; Hardware stack levels used:    1
  1675 ;; This function calls:
  1676 ;;		Nothing
  1677 ;; This function is called by:
  1678 ;;		_main
  1679 ;; This function uses a non-reentrant model
  1680 ;;
  1681                           
  1682                           
  1683                           ;psect for function _ADC_GetConversion
  1684  07AB                     _ADC_GetConversion:	
  1685                           
  1686                           ;incstack = 0
  1687                           ; Regs used in _ADC_GetConversion: [wreg+status,2+status,0]
  1688                           ;ADC_GetConversion@channel stored from wreg
  1689  07AB  00F3               	movwf	ADC_GetConversion@channel
  1690                           
  1691                           ;adc.c: 113: ADCON0bits.CHS = channel;
  1692  07AC  0873               	movf	ADC_GetConversion@channel,w
  1693  07AD  00F2               	movwf	??_ADC_GetConversion
  1694  07AE  0DF2               	rlf	??_ADC_GetConversion,f
  1695  07AF  0DF2               	rlf	??_ADC_GetConversion,f
  1696  07B0  0021               	movlb	1	; select bank1
  1697  07B1  081D               	movf	29,w	;volatile
  1698  07B2  0672               	xorwf	??_ADC_GetConversion,w
  1699  07B3  3983               	andlw	-125
  1700  07B4  0672               	xorwf	??_ADC_GetConversion,w
  1701  07B5  009D               	movwf	29	;volatile
  1702                           
  1703                           ;adc.c: 116: ADCON0bits.ADON = 1;
  1704  07B6  141D               	bsf	29,0	;volatile
  1705                           
  1706                           ;adc.c: 119: _delay((unsigned long)((5)*(4000000/4000000.0)));
  1707  07B7  3200               	nop2	;2 cycle nop
  1708  07B8  3200               	nop2	;2 cycle nop
  1709  07B9  0000               	nop
  1710                           
  1711                           ;adc.c: 122: ADCON0bits.GO_nDONE = 1;
  1712  07BA  0021               	movlb	1	; select bank1
  1713  07BB  149D               	bsf	29,1	;volatile
  1714  07BC                     l138:	
  1715                           ;adc.c: 126: {
  1716                           
  1717                           ;adc.c: 125: while (ADCON0bits.GO_nDONE)
  1718                           
  1719  07BC  189D               	btfsc	29,1	;volatile
  1720  07BD  2FBC               	goto	l138
  1721                           
  1722                           ;adc.c: 127: }
  1723                           ;adc.c: 130: return ((ADRESH << 8) + ADRESL);
  1724  07BE  081C               	movf	28,w	;volatile
  1725  07BF  01F1               	clrf	?_ADC_GetConversion+1
  1726  07C0  07F1               	addwf	?_ADC_GetConversion+1,f
  1727  07C1  081B               	movf	27,w	;volatile
  1728  07C2  01F0               	clrf	?_ADC_GetConversion
  1729  07C3  07F0               	addwf	?_ADC_GetConversion,f
  1730  07C4  0008               	return
  1731  07C5                     __end_of_ADC_GetConversion:	
  1732  007E                     btemp	set	126	;btemp
  1733  007E                     pic14e$flags	set	126
  1734  007E                     wtemp	set	126
  1735  007E                     wtemp0	set	126
  1736  0080                     wtemp1	set	128
  1737  0082                     wtemp2	set	130
  1738  0084                     wtemp3	set	132
  1739  0086                     wtemp4	set	134
  1740  0088                     wtemp5	set	136
  1741  007F                     wtemp6	set	127
  1742  007E                     ttemp	set	126
  1743  007E                     ttemp0	set	126
  1744  0081                     ttemp1	set	129
  1745  0084                     ttemp2	set	132
  1746  0087                     ttemp3	set	135
  1747  007F                     ttemp4	set	127
  1748  007E                     ltemp	set	126
  1749  007E                     ltemp0	set	126
  1750  0082                     ltemp1	set	130
  1751  0086                     ltemp2	set	134
  1752  0080                     ltemp3	set	128


Data Sizes:
    Strings     0
    Constant    0
    Data        0
    BSS         0
    Persistent  0
    Stack       0

Auto Spaces:
    Space          Size  Autos    Used
    COMMON           14      6       6
    BANK0            80      0       0
    BANK1            80      0       0
    BANK2            80      0       0
    BANK3            80      0       0
    BANK4            48      0       0

Pointer List with Targets:

    None.

Critical Paths under _main in COMMON

    _main->_ADC_GetConversion
    _main->_PWM3_LoadDutyValue

Critical Paths under _main in BANK0

    None.

Critical Paths under _main in BANK1

    None.

Critical Paths under _main in BANK2

    None.

Critical Paths under _main in BANK3

    None.

Critical Paths under _main in BANK4

    None.

Call Graph Tables:

 ---------------------------------------------------------------------------------
 (Depth) Function   	        Calls       Base Space   Used Autos Params    Refs
 ---------------------------------------------------------------------------------
 (0) _main                                                 2     2      0     113
                                              4 COMMON     2     2      0
                  _ADC_GetConversion
                     _ADC_Initialize
                    _PWM3_Initialize
                 _PWM3_LoadDutyValue
                  _SYSTEM_Initialize
 ---------------------------------------------------------------------------------
 (1) _SYSTEM_Initialize                                    0     0      0       0
                     _ADC_Initialize
              _OSCILLATOR_Initialize
             _PIN_MANAGER_Initialize
                    _PWM3_Initialize
                    _TMR2_Initialize
 ---------------------------------------------------------------------------------
 (2) _TMR2_Initialize                                      0     0      0       0
                    _TMR2_StartTimer
 ---------------------------------------------------------------------------------
 (3) _TMR2_StartTimer                                      0     0      0       0
 ---------------------------------------------------------------------------------
 (2) _PWM3_Initialize                                      0     0      0       0
 ---------------------------------------------------------------------------------
 (2) _PIN_MANAGER_Initialize                               0     0      0       0
 ---------------------------------------------------------------------------------
 (2) _OSCILLATOR_Initialize                                0     0      0       0
 ---------------------------------------------------------------------------------
 (2) _ADC_Initialize                                       0     0      0       0
 ---------------------------------------------------------------------------------
 (1) _PWM3_LoadDutyValue                                   4     2      2      83
                                              0 COMMON     4     2      2
 ---------------------------------------------------------------------------------
 (1) _ADC_GetConversion                                    4     2      2      15
                                              0 COMMON     4     2      2
 ---------------------------------------------------------------------------------
 Estimated maximum stack depth 3
 ---------------------------------------------------------------------------------

 Call Graph Graphs:

 _main (ROOT)
   _ADC_GetConversion
   _ADC_Initialize
   _PWM3_Initialize
   _PWM3_LoadDutyValue
   _SYSTEM_Initialize
     _ADC_Initialize
     _OSCILLATOR_Initialize
     _PIN_MANAGER_Initialize
     _PWM3_Initialize
     _TMR2_Initialize
       _TMR2_StartTimer

 Address spaces:
Name               Size   Autos  Total    Cost      Usage
BIGRAM             170      0       0       0        0.0%
EEDATA             100      0       0       0        0.0%
NULL                 0      0       0       0        0.0%
CODE                 0      0       0       0        0.0%
BITCOMMON            E      0       0       1        0.0%
BITSFR0              0      0       0       1        0.0%
SFR0                 0      0       0       1        0.0%
COMMON               E      6       6       2       42.9%
BITSFR1              0      0       0       2        0.0%
SFR1                 0      0       0       2        0.0%
BITSFR2              0      0       0       3        0.0%
SFR2                 0      0       0       3        0.0%
STACK                0      0       0       3        0.0%
BITSFR3              0      0       0       4        0.0%
SFR3                 0      0       0       4        0.0%
ABS                  0      0       0       4        0.0%
BITBANK0            50      0       0       5        0.0%
BITSFR4              0      0       0       5        0.0%
SFR4                 0      0       0       5        0.0%
BANK0               50      0       0       6        0.0%
BITSFR5              0      0       0       6        0.0%
SFR5                 0      0       0       6        0.0%
BITBANK1            50      0       0       7        0.0%
BITSFR6              0      0       0       7        0.0%
SFR6                 0      0       0       7        0.0%
BANK1               50      0       0       8        0.0%
BITSFR7              0      0       0       8        0.0%
SFR7                 0      0       0       8        0.0%
BITBANK2            50      0       0       9        0.0%
BITSFR8              0      0       0       9        0.0%
SFR8                 0      0       0       9        0.0%
BANK2               50      0       0      10        0.0%
BITSFR9              0      0       0      10        0.0%
SFR9                 0      0       0      10        0.0%
BITBANK3            50      0       0      11        0.0%
BITSFR10             0      0       0      11        0.0%
SFR10                0      0       0      11        0.0%
BANK3               50      0       0      12        0.0%
BITSFR11             0      0       0      12        0.0%
SFR11                0      0       0      12        0.0%
BITBANK4            30      0       0      13        0.0%
BITSFR12             0      0       0      13        0.0%
SFR12                0      0       0      13        0.0%
BANK4               30      0       0      14        0.0%
BITSFR13             0      0       0      14        0.0%
SFR13                0      0       0      14        0.0%
BITSFR14             0      0       0      15        0.0%
SFR14                0      0       0      15        0.0%
DATA                 0      0       0      15        0.0%
BITSFR15             0      0       0      16        0.0%
SFR15                0      0       0      16        0.0%
BITSFR16             0      0       0      17        0.0%
SFR16                0      0       0      17        0.0%
BITSFR17             0      0       0      18        0.0%
SFR17                0      0       0      18        0.0%
BITSFR18             0      0       0      19        0.0%
SFR18                0      0       0      19        0.0%
BITSFR19             0      0       0      20        0.0%
SFR19                0      0       0      20        0.0%
BITSFR20             0      0       0      21        0.0%
SFR20                0      0       0      21        0.0%
BITSFR21             0      0       0      22        0.0%
SFR21                0      0       0      22        0.0%
BITSFR22             0      0       0      23        0.0%
SFR22                0      0       0      23        0.0%
BITSFR23             0      0       0      24        0.0%
SFR23                0      0       0      24        0.0%
BITSFR24             0      0       0      25        0.0%
SFR24                0      0       0      25        0.0%
BITSFR25             0      0       0      26        0.0%
SFR25                0      0       0      26        0.0%
BITSFR26             0      0       0      27        0.0%
SFR26                0      0       0      27        0.0%
BITSFR27             0      0       0      28        0.0%
SFR27                0      0       0      28        0.0%
BITSFR28             0      0       0      29        0.0%
SFR28                0      0       0      29        0.0%
BITSFR29             0      0       0      30        0.0%
SFR29                0      0       0      30        0.0%
BITSFR30             0      0       0      31        0.0%
SFR30                0      0       0      31        0.0%
BITSFR31             0      0       0      32        0.0%
SFR31                0      0       0      32        0.0%


Microchip Technology PIC Macro Assembler V1.33 build 59893 
Symbol Table                                                                                   Sun Jan  4 03:20:28 2015

                    __CFG_CP$OFF 0000                               l60 07E8                               u25 07A3  
                            l138 07BC                              _PR2 001B                     __CFG_CPD$OFF 0000  
                _TMR2_Initialize 077B                     __CFG_BORV$LO 0000                              wreg 0009  
                   __CFG_IESO$ON 0000                     __CFG_FOSC$XT 0000                     __CFG_LVP$OFF 0000  
                           _LATA 010C                             _LATB 010D                             _TMR2 001A  
                           _WPUA 020C                             _WPUB 020D                     __CFG_WRT$OFF 0000  
                  __CFG_FCMEN$ON 0000                             _main 07DF                             btemp 007E  
                  __CFG_BOREN$ON 0000                             ltemp 007E                             start 0002  
                           ttemp 007E                             wtemp 007E                    __CFG_MCLRE$ON 0000  
 __size_of_OSCILLATOR_Initialize 0006    __end_of_OSCILLATOR_Initialize 0769                            ?_main 0070  
                  __CFG_WDTE$OFF 0000                            _T2CON 001C                            _TRISA 008C  
                          _TRISB 008D          __end_of_PWM3_Initialize 077B                            ltemp0 007E  
                          ltemp1 0082                            ltemp2 0086                            ltemp3 0080  
                          ttemp0 007E                            ttemp1 0081                            ttemp2 0084  
                          ttemp3 0087                            ttemp4 007F                            wtemp0 007E  
                          wtemp1 0080                            wtemp2 0082                            wtemp3 0084  
                          wtemp4 0086                            wtemp5 0088                            wtemp6 007F  
                _TMR2_StartTimer 0760                  __initialization 07FC                     __end_of_main 07FC  
        __end_of_TMR2_Initialize 0785                           ??_main 0074                   __CFG_PLLEN$OFF 0000  
                         _ADCON0 009D                           _ADCON1 009E                           _ADRESH 009C  
                         _ADRESL 009B                           _CCPR3H 0312                           _CCPR3L 0311  
                         _ANSELA 018C                           _ANSELB 018D                           _OSCCON 0099  
                 __CFG_PWRTE$OFF 0000                     _CCPTMRS0bits 029E      __size_of_PWM3_LoadDutyValue 0017  
                 __CFG_STVREN$ON 0000         ADC_GetConversion@channel 0073          __end_of_TMR2_StartTimer 0763  
               ?_PWM3_Initialize 0070                _SYSTEM_Initialize 0785          __end_of__initialization 07FC  
             ?_SYSTEM_Initialize 0070                   __pcstackCOMMON 0070              ??_SYSTEM_Initialize 0070  
               ?_TMR2_Initialize 0070                   _OPTION_REGbits 0095        __end_of_SYSTEM_Initialize 0794  
                     __pmaintext 07DF                          _CCP3CON 0313                          _APFCON0 011D  
                        _APFCON1 011E                   main@conversion 0074          __size_of_ADC_Initialize 0008  
                        _OSCSTAT 009A                          _OSCTUNE 0098                 ?_TMR2_StartTimer 0070  
                        __ptext0 0000                          __ptext1 0785                          __ptext2 077B  
                        __ptext3 0760                          __ptext4 0771                          __ptext5 07C5  
                        __ptext6 0763                          __ptext7 0769                          __ptext8 0794  
                        __ptext9 07AB            _OSCILLATOR_Initialize 0763                        _T2CONbits 001C  
       ??_PIN_MANAGER_Initialize 0070       __size_of_SYSTEM_Initialize 000F             end_of_initialization 07FC  
     __end_of_PWM3_LoadDutyValue 07AB                   _ADC_Initialize 0769           ?_OSCILLATOR_Initialize 0070  
            start_initialization 07FC  __size_of_PIN_MANAGER_Initialize 001A         __size_of_PWM3_Initialize 000A  
         __end_of_ADC_Initialize 0771                        ___latbits 0001         __size_of_TMR2_Initialize 000A  
         _PIN_MANAGER_Initialize 07C5                  ?_ADC_Initialize 0070         __size_of_TMR2_StartTimer 0003  
                       _PIR1bits 0011                ??_PWM3_Initialize 0070                       _ADCON0bits 009D  
              ??_TMR2_Initialize 0070                _ADC_GetConversion 07AB          ??_OSCILLATOR_Initialize 0070  
             ?_ADC_GetConversion 0070               _PWM3_LoadDutyValue 0794              ??_ADC_GetConversion 0072  
            ?_PWM3_LoadDutyValue 0070                    __size_of_main 001D        __end_of_ADC_GetConversion 07C5  
           ??_PWM3_LoadDutyValue 0072                ??_TMR2_StartTimer 0070                      pic14e$flags 007E  
        ?_PIN_MANAGER_Initialize 0070                __CFG_CLKOUTEN$OFF 0000                 ??_ADC_Initialize 0070  
    PWM3_LoadDutyValue@dutyValue 0070   __end_of_PIN_MANAGER_Initialize 07DF       __size_of_ADC_GetConversion 001A  
                _PWM3_Initialize 0771  
