

Microchip Technology PIC LITE Macro Assembler V1.33 build 59893 
                                                                                               Sat Jan  3 21:12:44 2015

Microchip Technology Omniscient Code Generator (Lite mode) build 59893
     1                           	processor	16F1827
     2                           	opt	pw 120
     3                           	opt	lm
     4                           	psect	text0,local,class=CODE,merge=1,delta=2
     5                           	psect	cinit,global,class=CODE,merge=1,delta=2
     6                           	psect	bssCOMMON,global,class=COMMON,space=1,delta=1
     7                           	psect	cstackCOMMON,global,class=COMMON,space=1,delta=1
     8                           	psect	maintext,global,class=CODE,merge=1,split=1,delta=2
     9                           	psect	text1,local,class=CODE,merge=1,delta=2
    10                           	psect	text2,local,class=CODE,merge=1,delta=2
    11                           	psect	text3,local,class=CODE,merge=1,delta=2
    12                           	psect	text4,local,class=CODE,merge=1,delta=2
    13                           	psect	text5,local,class=CODE,merge=1,delta=2
    14                           	psect	text6,local,class=CODE,merge=1,delta=2
    15                           	psect	text7,local,class=CODE,merge=1,delta=2
    16                           	dabs	1,0x7E,2
    17  0000                     	;# 
    18  0001                     	;# 
    19  0002                     	;# 
    20  0003                     	;# 
    21  0004                     	;# 
    22  0005                     	;# 
    23  0006                     	;# 
    24  0007                     	;# 
    25  0008                     	;# 
    26  0009                     	;# 
    27  000A                     	;# 
    28  000B                     	;# 
    29  000C                     	;# 
    30  000D                     	;# 
    31  0011                     	;# 
    32  0012                     	;# 
    33  0013                     	;# 
    34  0014                     	;# 
    35  0015                     	;# 
    36  0016                     	;# 
    37  0016                     	;# 
    38  0017                     	;# 
    39  0018                     	;# 
    40  0019                     	;# 
    41  001A                     	;# 
    42  001B                     	;# 
    43  001C                     	;# 
    44  001E                     	;# 
    45  001F                     	;# 
    46  008C                     	;# 
    47  008D                     	;# 
    48  0091                     	;# 
    49  0092                     	;# 
    50  0093                     	;# 
    51  0094                     	;# 
    52  0095                     	;# 
    53  0096                     	;# 
    54  0097                     	;# 
    55  0098                     	;# 
    56  0099                     	;# 
    57  009A                     	;# 
    58  009B                     	;# 
    59  009B                     	;# 
    60  009C                     	;# 
    61  009D                     	;# 
    62  009E                     	;# 
    63  010C                     	;# 
    64  010D                     	;# 
    65  0111                     	;# 
    66  0112                     	;# 
    67  0113                     	;# 
    68  0114                     	;# 
    69  0115                     	;# 
    70  0116                     	;# 
    71  0117                     	;# 
    72  0118                     	;# 
    73  0119                     	;# 
    74  011A                     	;# 
    75  011B                     	;# 
    76  011D                     	;# 
    77  011E                     	;# 
    78  018C                     	;# 
    79  018D                     	;# 
    80  0191                     	;# 
    81  0191                     	;# 
    82  0192                     	;# 
    83  0193                     	;# 
    84  0193                     	;# 
    85  0193                     	;# 
    86  0194                     	;# 
    87  0195                     	;# 
    88  0196                     	;# 
    89  0199                     	;# 
    90  019A                     	;# 
    91  019B                     	;# 
    92  019B                     	;# 
    93  019B                     	;# 
    94  019B                     	;# 
    95  019C                     	;# 
    96  019C                     	;# 
    97  019D                     	;# 
    98  019E                     	;# 
    99  019F                     	;# 
   100  020C                     	;# 
   101  020D                     	;# 
   102  0211                     	;# 
   103  0211                     	;# 
   104  0212                     	;# 
   105  0212                     	;# 
   106  0213                     	;# 
   107  0213                     	;# 
   108  0214                     	;# 
   109  0214                     	;# 
   110  0215                     	;# 
   111  0215                     	;# 
   112  0215                     	;# 
   113  0216                     	;# 
   114  0216                     	;# 
   115  0217                     	;# 
   116  0217                     	;# 
   117  0219                     	;# 
   118  021A                     	;# 
   119  021B                     	;# 
   120  021C                     	;# 
   121  021D                     	;# 
   122  021E                     	;# 
   123  021F                     	;# 
   124  0291                     	;# 
   125  0291                     	;# 
   126  0292                     	;# 
   127  0293                     	;# 
   128  0294                     	;# 
   129  0295                     	;# 
   130  0295                     	;# 
   131  0296                     	;# 
   132  0298                     	;# 
   133  0298                     	;# 
   134  0299                     	;# 
   135  029A                     	;# 
   136  029B                     	;# 
   137  029C                     	;# 
   138  029C                     	;# 
   139  029D                     	;# 
   140  029E                     	;# 
   141  029E                     	;# 
   142  0311                     	;# 
   143  0311                     	;# 
   144  0312                     	;# 
   145  0313                     	;# 
   146  0318                     	;# 
   147  0318                     	;# 
   148  0319                     	;# 
   149  031A                     	;# 
   150  0394                     	;# 
   151  0395                     	;# 
   152  0396                     	;# 
   153  039A                     	;# 
   154  039C                     	;# 
   155  039D                     	;# 
   156  039E                     	;# 
   157  039F                     	;# 
   158  0415                     	;# 
   159  0416                     	;# 
   160  0417                     	;# 
   161  041C                     	;# 
   162  041D                     	;# 
   163  041E                     	;# 
   164  0FE4                     	;# 
   165  0FE5                     	;# 
   166  0FE6                     	;# 
   167  0FE7                     	;# 
   168  0FE8                     	;# 
   169  0FE9                     	;# 
   170  0FEA                     	;# 
   171  0FEB                     	;# 
   172  0FED                     	;# 
   173  0FEE                     	;# 
   174  0FEF                     	;# 
   175  0000                     	;# 
   176  0001                     	;# 
   177  0002                     	;# 
   178  0003                     	;# 
   179  0004                     	;# 
   180  0005                     	;# 
   181  0006                     	;# 
   182  0007                     	;# 
   183  0008                     	;# 
   184  0009                     	;# 
   185  000A                     	;# 
   186  000B                     	;# 
   187  000C                     	;# 
   188  000D                     	;# 
   189  0011                     	;# 
   190  0012                     	;# 
   191  0013                     	;# 
   192  0014                     	;# 
   193  0015                     	;# 
   194  0016                     	;# 
   195  0016                     	;# 
   196  0017                     	;# 
   197  0018                     	;# 
   198  0019                     	;# 
   199  001A                     	;# 
   200  001B                     	;# 
   201  001C                     	;# 
   202  001E                     	;# 
   203  001F                     	;# 
   204  008C                     	;# 
   205  008D                     	;# 
   206  0091                     	;# 
   207  0092                     	;# 
   208  0093                     	;# 
   209  0094                     	;# 
   210  0095                     	;# 
   211  0096                     	;# 
   212  0097                     	;# 
   213  0098                     	;# 
   214  0099                     	;# 
   215  009A                     	;# 
   216  009B                     	;# 
   217  009B                     	;# 
   218  009C                     	;# 
   219  009D                     	;# 
   220  009E                     	;# 
   221  010C                     	;# 
   222  010D                     	;# 
   223  0111                     	;# 
   224  0112                     	;# 
   225  0113                     	;# 
   226  0114                     	;# 
   227  0115                     	;# 
   228  0116                     	;# 
   229  0117                     	;# 
   230  0118                     	;# 
   231  0119                     	;# 
   232  011A                     	;# 
   233  011B                     	;# 
   234  011D                     	;# 
   235  011E                     	;# 
   236  018C                     	;# 
   237  018D                     	;# 
   238  0191                     	;# 
   239  0191                     	;# 
   240  0192                     	;# 
   241  0193                     	;# 
   242  0193                     	;# 
   243  0193                     	;# 
   244  0194                     	;# 
   245  0195                     	;# 
   246  0196                     	;# 
   247  0199                     	;# 
   248  019A                     	;# 
   249  019B                     	;# 
   250  019B                     	;# 
   251  019B                     	;# 
   252  019B                     	;# 
   253  019C                     	;# 
   254  019C                     	;# 
   255  019D                     	;# 
   256  019E                     	;# 
   257  019F                     	;# 
   258  020C                     	;# 
   259  020D                     	;# 
   260  0211                     	;# 
   261  0211                     	;# 
   262  0212                     	;# 
   263  0212                     	;# 
   264  0213                     	;# 
   265  0213                     	;# 
   266  0214                     	;# 
   267  0214                     	;# 
   268  0215                     	;# 
   269  0215                     	;# 
   270  0215                     	;# 
   271  0216                     	;# 
   272  0216                     	;# 
   273  0217                     	;# 
   274  0217                     	;# 
   275  0219                     	;# 
   276  021A                     	;# 
   277  021B                     	;# 
   278  021C                     	;# 
   279  021D                     	;# 
   280  021E                     	;# 
   281  021F                     	;# 
   282  0291                     	;# 
   283  0291                     	;# 
   284  0292                     	;# 
   285  0293                     	;# 
   286  0294                     	;# 
   287  0295                     	;# 
   288  0295                     	;# 
   289  0296                     	;# 
   290  0298                     	;# 
   291  0298                     	;# 
   292  0299                     	;# 
   293  029A                     	;# 
   294  029B                     	;# 
   295  029C                     	;# 
   296  029C                     	;# 
   297  029D                     	;# 
   298  029E                     	;# 
   299  029E                     	;# 
   300  0311                     	;# 
   301  0311                     	;# 
   302  0312                     	;# 
   303  0313                     	;# 
   304  0318                     	;# 
   305  0318                     	;# 
   306  0319                     	;# 
   307  031A                     	;# 
   308  0394                     	;# 
   309  0395                     	;# 
   310  0396                     	;# 
   311  039A                     	;# 
   312  039C                     	;# 
   313  039D                     	;# 
   314  039E                     	;# 
   315  039F                     	;# 
   316  0415                     	;# 
   317  0416                     	;# 
   318  0417                     	;# 
   319  041C                     	;# 
   320  041D                     	;# 
   321  041E                     	;# 
   322  0FE4                     	;# 
   323  0FE5                     	;# 
   324  0FE6                     	;# 
   325  0FE7                     	;# 
   326  0FE8                     	;# 
   327  0FE9                     	;# 
   328  0FEA                     	;# 
   329  0FEB                     	;# 
   330  0FED                     	;# 
   331  0FEE                     	;# 
   332  0FEF                     	;# 
   333  0000                     	;# 
   334  0001                     	;# 
   335  0002                     	;# 
   336  0003                     	;# 
   337  0004                     	;# 
   338  0005                     	;# 
   339  0006                     	;# 
   340  0007                     	;# 
   341  0008                     	;# 
   342  0009                     	;# 
   343  000A                     	;# 
   344  000B                     	;# 
   345  000C                     	;# 
   346  000D                     	;# 
   347  0011                     	;# 
   348  0012                     	;# 
   349  0013                     	;# 
   350  0014                     	;# 
   351  0015                     	;# 
   352  0016                     	;# 
   353  0016                     	;# 
   354  0017                     	;# 
   355  0018                     	;# 
   356  0019                     	;# 
   357  001A                     	;# 
   358  001B                     	;# 
   359  001C                     	;# 
   360  001E                     	;# 
   361  001F                     	;# 
   362  008C                     	;# 
   363  008D                     	;# 
   364  0091                     	;# 
   365  0092                     	;# 
   366  0093                     	;# 
   367  0094                     	;# 
   368  0095                     	;# 
   369  0096                     	;# 
   370  0097                     	;# 
   371  0098                     	;# 
   372  0099                     	;# 
   373  009A                     	;# 
   374  009B                     	;# 
   375  009B                     	;# 
   376  009C                     	;# 
   377  009D                     	;# 
   378  009E                     	;# 
   379  010C                     	;# 
   380  010D                     	;# 
   381  0111                     	;# 
   382  0112                     	;# 
   383  0113                     	;# 
   384  0114                     	;# 
   385  0115                     	;# 
   386  0116                     	;# 
   387  0117                     	;# 
   388  0118                     	;# 
   389  0119                     	;# 
   390  011A                     	;# 
   391  011B                     	;# 
   392  011D                     	;# 
   393  011E                     	;# 
   394  018C                     	;# 
   395  018D                     	;# 
   396  0191                     	;# 
   397  0191                     	;# 
   398  0192                     	;# 
   399  0193                     	;# 
   400  0193                     	;# 
   401  0193                     	;# 
   402  0194                     	;# 
   403  0195                     	;# 
   404  0196                     	;# 
   405  0199                     	;# 
   406  019A                     	;# 
   407  019B                     	;# 
   408  019B                     	;# 
   409  019B                     	;# 
   410  019B                     	;# 
   411  019C                     	;# 
   412  019C                     	;# 
   413  019D                     	;# 
   414  019E                     	;# 
   415  019F                     	;# 
   416  020C                     	;# 
   417  020D                     	;# 
   418  0211                     	;# 
   419  0211                     	;# 
   420  0212                     	;# 
   421  0212                     	;# 
   422  0213                     	;# 
   423  0213                     	;# 
   424  0214                     	;# 
   425  0214                     	;# 
   426  0215                     	;# 
   427  0215                     	;# 
   428  0215                     	;# 
   429  0216                     	;# 
   430  0216                     	;# 
   431  0217                     	;# 
   432  0217                     	;# 
   433  0219                     	;# 
   434  021A                     	;# 
   435  021B                     	;# 
   436  021C                     	;# 
   437  021D                     	;# 
   438  021E                     	;# 
   439  021F                     	;# 
   440  0291                     	;# 
   441  0291                     	;# 
   442  0292                     	;# 
   443  0293                     	;# 
   444  0294                     	;# 
   445  0295                     	;# 
   446  0295                     	;# 
   447  0296                     	;# 
   448  0298                     	;# 
   449  0298                     	;# 
   450  0299                     	;# 
   451  029A                     	;# 
   452  029B                     	;# 
   453  029C                     	;# 
   454  029C                     	;# 
   455  029D                     	;# 
   456  029E                     	;# 
   457  029E                     	;# 
   458  0311                     	;# 
   459  0311                     	;# 
   460  0312                     	;# 
   461  0313                     	;# 
   462  0318                     	;# 
   463  0318                     	;# 
   464  0319                     	;# 
   465  031A                     	;# 
   466  0394                     	;# 
   467  0395                     	;# 
   468  0396                     	;# 
   469  039A                     	;# 
   470  039C                     	;# 
   471  039D                     	;# 
   472  039E                     	;# 
   473  039F                     	;# 
   474  0415                     	;# 
   475  0416                     	;# 
   476  0417                     	;# 
   477  041C                     	;# 
   478  041D                     	;# 
   479  041E                     	;# 
   480  0FE4                     	;# 
   481  0FE5                     	;# 
   482  0FE6                     	;# 
   483  0FE7                     	;# 
   484  0FE8                     	;# 
   485  0FE9                     	;# 
   486  0FEA                     	;# 
   487  0FEB                     	;# 
   488  0FED                     	;# 
   489  0FEE                     	;# 
   490  0FEF                     	;# 
   491  0000                     	;# 
   492  0001                     	;# 
   493  0002                     	;# 
   494  0003                     	;# 
   495  0004                     	;# 
   496  0005                     	;# 
   497  0006                     	;# 
   498  0007                     	;# 
   499  0008                     	;# 
   500  0009                     	;# 
   501  000A                     	;# 
   502  000B                     	;# 
   503  000C                     	;# 
   504  000D                     	;# 
   505  0011                     	;# 
   506  0012                     	;# 
   507  0013                     	;# 
   508  0014                     	;# 
   509  0015                     	;# 
   510  0016                     	;# 
   511  0016                     	;# 
   512  0017                     	;# 
   513  0018                     	;# 
   514  0019                     	;# 
   515  001A                     	;# 
   516  001B                     	;# 
   517  001C                     	;# 
   518  001E                     	;# 
   519  001F                     	;# 
   520  008C                     	;# 
   521  008D                     	;# 
   522  0091                     	;# 
   523  0092                     	;# 
   524  0093                     	;# 
   525  0094                     	;# 
   526  0095                     	;# 
   527  0096                     	;# 
   528  0097                     	;# 
   529  0098                     	;# 
   530  0099                     	;# 
   531  009A                     	;# 
   532  009B                     	;# 
   533  009B                     	;# 
   534  009C                     	;# 
   535  009D                     	;# 
   536  009E                     	;# 
   537  010C                     	;# 
   538  010D                     	;# 
   539  0111                     	;# 
   540  0112                     	;# 
   541  0113                     	;# 
   542  0114                     	;# 
   543  0115                     	;# 
   544  0116                     	;# 
   545  0117                     	;# 
   546  0118                     	;# 
   547  0119                     	;# 
   548  011A                     	;# 
   549  011B                     	;# 
   550  011D                     	;# 
   551  011E                     	;# 
   552  018C                     	;# 
   553  018D                     	;# 
   554  0191                     	;# 
   555  0191                     	;# 
   556  0192                     	;# 
   557  0193                     	;# 
   558  0193                     	;# 
   559  0193                     	;# 
   560  0194                     	;# 
   561  0195                     	;# 
   562  0196                     	;# 
   563  0199                     	;# 
   564  019A                     	;# 
   565  019B                     	;# 
   566  019B                     	;# 
   567  019B                     	;# 
   568  019B                     	;# 
   569  019C                     	;# 
   570  019C                     	;# 
   571  019D                     	;# 
   572  019E                     	;# 
   573  019F                     	;# 
   574  020C                     	;# 
   575  020D                     	;# 
   576  0211                     	;# 
   577  0211                     	;# 
   578  0212                     	;# 
   579  0212                     	;# 
   580  0213                     	;# 
   581  0213                     	;# 
   582  0214                     	;# 
   583  0214                     	;# 
   584  0215                     	;# 
   585  0215                     	;# 
   586  0215                     	;# 
   587  0216                     	;# 
   588  0216                     	;# 
   589  0217                     	;# 
   590  0217                     	;# 
   591  0219                     	;# 
   592  021A                     	;# 
   593  021B                     	;# 
   594  021C                     	;# 
   595  021D                     	;# 
   596  021E                     	;# 
   597  021F                     	;# 
   598  0291                     	;# 
   599  0291                     	;# 
   600  0292                     	;# 
   601  0293                     	;# 
   602  0294                     	;# 
   603  0295                     	;# 
   604  0295                     	;# 
   605  0296                     	;# 
   606  0298                     	;# 
   607  0298                     	;# 
   608  0299                     	;# 
   609  029A                     	;# 
   610  029B                     	;# 
   611  029C                     	;# 
   612  029C                     	;# 
   613  029D                     	;# 
   614  029E                     	;# 
   615  029E                     	;# 
   616  0311                     	;# 
   617  0311                     	;# 
   618  0312                     	;# 
   619  0313                     	;# 
   620  0318                     	;# 
   621  0318                     	;# 
   622  0319                     	;# 
   623  031A                     	;# 
   624  0394                     	;# 
   625  0395                     	;# 
   626  0396                     	;# 
   627  039A                     	;# 
   628  039C                     	;# 
   629  039D                     	;# 
   630  039E                     	;# 
   631  039F                     	;# 
   632  0415                     	;# 
   633  0416                     	;# 
   634  0417                     	;# 
   635  041C                     	;# 
   636  041D                     	;# 
   637  041E                     	;# 
   638  0FE4                     	;# 
   639  0FE5                     	;# 
   640  0FE6                     	;# 
   641  0FE7                     	;# 
   642  0FE8                     	;# 
   643  0FE9                     	;# 
   644  0FEA                     	;# 
   645  0FEB                     	;# 
   646  0FED                     	;# 
   647  0FEE                     	;# 
   648  0FEF                     	;# 
   649  000D                     _PORTB	set	13
   650  009D                     _ADCON0	set	157
   651  009D                     _ADCON0bits	set	157
   652  009E                     _ADCON1	set	158
   653  009C                     _ADRESH	set	156
   654  009B                     _ADRESL	set	155
   655  0095                     _OPTION_REGbits	set	149
   656  0099                     _OSCCON	set	153
   657  009A                     _OSCSTAT	set	154
   658  0098                     _OSCTUNE	set	152
   659  008C                     _TRISA	set	140
   660  008D                     _TRISB	set	141
   661  011D                     _APFCON0	set	285
   662  011E                     _APFCON1	set	286
   663  010C                     _LATA	set	268
   664  010D                     _LATB	set	269
   665  018C                     _ANSELA	set	396
   666  018D                     _ANSELB	set	397
   667  020C                     _WPUA	set	524
   668  020D                     _WPUB	set	525
   669                           
   670                           	psect	text0
   671  0000                     __ptext0:	
   672                           ; #config settings
   673                           
   674                           
   675                           ;psect for function _ADC_GetConversionResult
   676  0000                     
   677                           	psect	cinit
   678  07FA                     start_initialization:	
   679  07FA                     __initialization:	
   680                           
   681                           ; Clear objects allocated to COMMON
   682  07FA  01F3               	clrf	__pbssCOMMON& (0+127)
   683  07FB  01F4               	clrf	(__pbssCOMMON+1)& (0+127)
   684  07FC                     end_of_initialization:	
   685                           ;End of C runtime variable initialization code
   686                           
   687  07FC                     __end_of__initialization:	
   688  07FC  107E               	bcf	pic14e$flags,0	;clear compiler interrupt flag
   689  07FD  0020               	movlb	0
   690  07FE  3187  2F90         	ljmp	_main	;jump to C main() function
   691                           
   692                           	psect	bssCOMMON
   693  0073                     __pbssCOMMON:	
   694  0073                     _conversion:	
   695  0073                     	ds	2
   696                           
   697                           	psect	cstackCOMMON
   698  0070                     __pcstackCOMMON:	
   699  0070                     ?_OSCILLATOR_Initialize:	
   700  0070                     ??_OSCILLATOR_Initialize:	
   701                           ; 0 bytes @ 0x0
   702                           
   703  0070                     ?_ADC_Initialize:	
   704                           ; 0 bytes @ 0x0
   705                           
   706  0070                     ??_ADC_Initialize:	
   707                           ; 0 bytes @ 0x0
   708                           
   709  0070                     ?_PIN_MANAGER_Initialize:	
   710                           ; 0 bytes @ 0x0
   711                           
   712  0070                     ??_PIN_MANAGER_Initialize:	
   713                           ; 0 bytes @ 0x0
   714                           
   715  0070                     ?_SYSTEM_Initialize:	
   716                           ; 0 bytes @ 0x0
   717                           
   718  0070                     ??_SYSTEM_Initialize:	
   719                           ; 0 bytes @ 0x0
   720                           
   721  0070                     ?_ADC_StartConversion:	
   722                           ; 0 bytes @ 0x0
   723                           
   724  0070                     ??_ADC_StartConversion:	
   725                           ; 0 bytes @ 0x0
   726                           
   727  0070                     ??_ADC_IsConversionDone:	
   728                           ; 0 bytes @ 0x0
   729                           
   730  0070                     ?_main:	
   731                           ; 0 bytes @ 0x0
   732                           
   733  0070                     ?_ADC_IsConversionDone:	
   734                           ; 0 bytes @ 0x0
   735                           
   736  0070                     ?_ADC_GetConversionResult:	
   737                           ; 1 bytes @ 0x0
   738                           
   739                           
   740                           ; 2 bytes @ 0x0
   741  0070                     	ds	1
   742  0071                     ADC_StartConversion@channel:	
   743                           
   744                           ; 1 bytes @ 0x1
   745  0071                     	ds	1
   746  0072                     ??_ADC_GetConversionResult:	
   747  0072                     ??_main:	
   748                           ; 0 bytes @ 0x2
   749                           
   750                           
   751                           ; 0 bytes @ 0x2
   752  0072                     	ds	1
   753                           
   754                           	psect	maintext
   755  0790                     __pmaintext:	
   756 ;;
   757 ;;Main: autosize = 0, tempsize = 1, incstack = 0, save=0
   758 ;;
   759 ;; *************** function _main *****************
   760 ;; Defined at:
   761 ;;		line 53 in file "main.c"
   762 ;; Parameters:    Size  Location     Type
   763 ;;		None
   764 ;; Auto vars:     Size  Location     Type
   765 ;;		None
   766 ;; Return value:  Size  Location     Type
   767 ;;		None               void
   768 ;; Registers used:
   769 ;;		wreg, status,2, status,0, pclath, cstack
   770 ;; Tracked objects:
   771 ;;		On entry : 17F/0
   772 ;;		On exit  : 0/0
   773 ;;		Unchanged: 0/0
   774 ;; Data sizes:     COMMON   BANK0   BANK1   BANK2   BANK3   BANK4
   775 ;;      Params:         0       0       0       0       0       0
   776 ;;      Locals:         0       0       0       0       0       0
   777 ;;      Temps:          1       0       0       0       0       0
   778 ;;      Totals:         1       0       0       0       0       0
   779 ;;Total ram usage:        1 bytes
   780 ;; Hardware stack levels required when called:    2
   781 ;; This function calls:
   782 ;;		_ADC_GetConversionResult
   783 ;;		_ADC_Initialize
   784 ;;		_ADC_IsConversionDone
   785 ;;		_ADC_StartConversion
   786 ;;		_SYSTEM_Initialize
   787 ;; This function is called by:
   788 ;;		Startup code after reset
   789 ;; This function uses a non-reentrant model
   790 ;;
   791                           
   792                           
   793                           ;psect for function _main
   794  0790                     _main:	
   795                           
   796                           ;main.c: 56: SYSTEM_Initialize();
   797                           
   798                           ;incstack = 0
   799                           ; Regs used in _main: [wreg+status,2+status,0+pclath+cstack]
   800  0790  3187  275B  3187   	fcall	_SYSTEM_Initialize
   801  0793                     l90:	
   802                           ;main.c: 73: while (1)
   803                           
   804                           
   805                           ;main.c: 74: {
   806                           ;main.c: 75: ADC_Initialize();
   807  0793  3187  2753  3187   	fcall	_ADC_Initialize
   808                           
   809                           ;main.c: 76: ADC_StartConversion(AN);
   810  0796  3000               	movlw	0
   811  0797  3187  2764  3187   	fcall	_ADC_StartConversion
   812  079A                     l624:	
   813                           ;main.c: 78: while(!ADC_IsConversionDone());
   814                           
   815  079A  3187  2744  3187   	fcall	_ADC_IsConversionDone
   816  079D  3A00               	xorlw	0
   817  079E  1903               	skipnz
   818  079F  2F9A               	goto	l624
   819                           
   820                           ;main.c: 79: conversion = ADC_GetConversionResult();
   821  07A0  3187  274B  3187   	fcall	_ADC_GetConversionResult
   822  07A3  0871               	movf	?_ADC_GetConversionResult+1,w
   823  07A4  01F4               	clrf	_conversion+1
   824  07A5  07F4               	addwf	_conversion+1,f
   825  07A6  0870               	movf	?_ADC_GetConversionResult,w
   826  07A7  01F3               	clrf	_conversion
   827  07A8  07F3               	addwf	_conversion,f
   828                           
   829                           ;main.c: 81: if(conversion < 171){
   830  07A9  0874               	movf	_conversion+1,w
   831  07AA  3A80               	xorlw	128
   832  07AB  00F2               	movwf	??_main
   833  07AC  3080               	movlw	128
   834  07AD  0272               	subwf	??_main,w
   835  07AE  1D03               	skipz
   836  07AF  2FB2               	goto	u35
   837  07B0  30AB               	movlw	171
   838  07B1  0273               	subwf	_conversion,w
   839  07B2                     u35:	
   840  07B2  1803               	skipnc
   841  07B3  2FB7               	goto	l632
   842                           
   843                           ;main.c: 82: PORTB = 0;
   844  07B4  0020               	movlb	0	; select bank0
   845  07B5  018D               	clrf	13	;volatile
   846                           
   847                           ;main.c: 83: }else if(conversion < 342){
   848  07B6  2F93               	goto	l90
   849  07B7                     l632:	
   850  07B7  0874               	movf	_conversion+1,w
   851  07B8  3A80               	xorlw	128
   852  07B9  00F2               	movwf	??_main
   853  07BA  3081               	movlw	129
   854  07BB  0272               	subwf	??_main,w
   855  07BC  1D03               	skipz
   856  07BD  2FC0               	goto	u45
   857  07BE  3056               	movlw	86
   858  07BF  0273               	subwf	_conversion,w
   859  07C0                     u45:	
   860  07C0  1803               	skipnc
   861  07C1  2FC4               	goto	l636
   862                           
   863                           ;main.c: 84: PORTB = 1;
   864  07C2  3001               	movlw	1
   865  07C3  2FF7               	goto	L4
   866  07C4                     l636:	
   867                           ;main.c: 85: }else if(conversion < 513){
   868                           
   869  07C4  0874               	movf	_conversion+1,w
   870  07C5  3A80               	xorlw	128
   871  07C6  00F2               	movwf	??_main
   872  07C7  3082               	movlw	130
   873  07C8  0272               	subwf	??_main,w
   874  07C9  1D03               	skipz
   875  07CA  2FCD               	goto	u55
   876  07CB  3001               	movlw	1
   877  07CC  0273               	subwf	_conversion,w
   878  07CD                     u55:	
   879  07CD  1803               	skipnc
   880  07CE  2FD1               	goto	l640
   881                           
   882                           ;main.c: 86: PORTB = 2;
   883  07CF  3002               	movlw	2
   884  07D0  2FF7               	goto	L4
   885  07D1                     l640:	
   886                           ;main.c: 87: }else if(conversion < 684){
   887                           
   888  07D1  0874               	movf	_conversion+1,w
   889  07D2  3A80               	xorlw	128
   890  07D3  00F2               	movwf	??_main
   891  07D4  3082               	movlw	130
   892  07D5  0272               	subwf	??_main,w
   893  07D6  1D03               	skipz
   894  07D7  2FDA               	goto	u65
   895  07D8  30AC               	movlw	172
   896  07D9  0273               	subwf	_conversion,w
   897  07DA                     u65:	
   898  07DA  1803               	skipnc
   899  07DB  2FDE               	goto	l644
   900                           
   901                           ;main.c: 88: PORTB = 3;
   902  07DC  3003               	movlw	3
   903  07DD  2FF7               	goto	L4
   904  07DE                     l644:	
   905                           ;main.c: 89: }else if(conversion < 855){
   906                           
   907  07DE  0874               	movf	_conversion+1,w
   908  07DF  3A80               	xorlw	128
   909  07E0  00F2               	movwf	??_main
   910  07E1  3083               	movlw	131
   911  07E2  0272               	subwf	??_main,w
   912  07E3  1D03               	skipz
   913  07E4  2FE7               	goto	u75
   914  07E5  3057               	movlw	87
   915  07E6  0273               	subwf	_conversion,w
   916  07E7                     u75:	
   917  07E7  1803               	skipnc
   918  07E8  2FEB               	goto	l648
   919                           
   920                           ;main.c: 90: PORTB = 4;
   921  07E9  3004               	movlw	4
   922  07EA  2FF7               	goto	L4
   923  07EB                     l648:	
   924                           ;main.c: 91: }else if(conversion < 1024){
   925                           
   926  07EB  0874               	movf	_conversion+1,w
   927  07EC  3A80               	xorlw	128
   928  07ED  00F2               	movwf	??_main
   929  07EE  3084               	movlw	132
   930  07EF  0272               	subwf	??_main,w
   931  07F0  1D03               	skipz
   932  07F1  2FF4               	goto	u85
   933  07F2  3000               	movlw	0
   934  07F3  0273               	subwf	_conversion,w
   935  07F4                     u85:	
   936  07F4  1803               	skipnc
   937  07F5  2F93               	goto	l90
   938                           
   939                           ;main.c: 92: PORTB = 5;
   940  07F6  3005               	movlw	5
   941  07F7                     L4:	
   942  07F7  0020               	movlb	0	; select bank0
   943  07F8  008D               	movwf	13	;volatile
   944  07F9  2F93               	goto	l90
   945  07FA                     __end_of_main:	
   946                           
   947                           	psect	text1
   948  075B                     __ptext1:	
   949 ;; *************** function _SYSTEM_Initialize *****************
   950 ;; Defined at:
   951 ;;		line 70 in file "mcc_generated_files/mcc.c"
   952 ;; Parameters:    Size  Location     Type
   953 ;;		None
   954 ;; Auto vars:     Size  Location     Type
   955 ;;		None
   956 ;; Return value:  Size  Location     Type
   957 ;;		None               void
   958 ;; Registers used:
   959 ;;		wreg, status,2, status,0, pclath, cstack
   960 ;; Tracked objects:
   961 ;;		On entry : 0/0
   962 ;;		On exit  : 0/0
   963 ;;		Unchanged: 0/0
   964 ;; Data sizes:     COMMON   BANK0   BANK1   BANK2   BANK3   BANK4
   965 ;;      Params:         0       0       0       0       0       0
   966 ;;      Locals:         0       0       0       0       0       0
   967 ;;      Temps:          0       0       0       0       0       0
   968 ;;      Totals:         0       0       0       0       0       0
   969 ;;Total ram usage:        0 bytes
   970 ;; Hardware stack levels used:    1
   971 ;; Hardware stack levels required when called:    1
   972 ;; This function calls:
   973 ;;		_ADC_Initialize
   974 ;;		_OSCILLATOR_Initialize
   975 ;;		_PIN_MANAGER_Initialize
   976 ;; This function is called by:
   977 ;;		_main
   978 ;; This function uses a non-reentrant model
   979 ;;
   980                           
   981                           
   982                           ;psect for function _SYSTEM_Initialize
   983  075B                     _SYSTEM_Initialize:	
   984                           
   985                           ;mcc.c: 72: OSCILLATOR_Initialize();
   986                           
   987                           ;incstack = 0
   988                           ; Regs used in _SYSTEM_Initialize: [wreg+status,2+status,0+pclath+cstack]
   989  075B  3187  273E  3187   	fcall	_OSCILLATOR_Initialize
   990                           
   991                           ;mcc.c: 73: PIN_MANAGER_Initialize();
   992  075E  3187  2776  3187   	fcall	_PIN_MANAGER_Initialize
   993                           
   994                           ;mcc.c: 74: ADC_Initialize();
   995  0761  3187  2753         	fcall	_ADC_Initialize
   996  0763  0008               	return
   997  0764                     __end_of_SYSTEM_Initialize:	
   998                           
   999                           	psect	text2
  1000  0776                     __ptext2:	
  1001 ;; *************** function _PIN_MANAGER_Initialize *****************
  1002 ;; Defined at:
  1003 ;;		line 50 in file "mcc_generated_files/pin_manager.c"
  1004 ;; Parameters:    Size  Location     Type
  1005 ;;		None
  1006 ;; Auto vars:     Size  Location     Type
  1007 ;;		None
  1008 ;; Return value:  Size  Location     Type
  1009 ;;		None               void
  1010 ;; Registers used:
  1011 ;;		wreg, status,2
  1012 ;; Tracked objects:
  1013 ;;		On entry : 0/0
  1014 ;;		On exit  : 0/0
  1015 ;;		Unchanged: 0/0
  1016 ;; Data sizes:     COMMON   BANK0   BANK1   BANK2   BANK3   BANK4
  1017 ;;      Params:         0       0       0       0       0       0
  1018 ;;      Locals:         0       0       0       0       0       0
  1019 ;;      Temps:          0       0       0       0       0       0
  1020 ;;      Totals:         0       0       0       0       0       0
  1021 ;;Total ram usage:        0 bytes
  1022 ;; Hardware stack levels used:    1
  1023 ;; This function calls:
  1024 ;;		Nothing
  1025 ;; This function is called by:
  1026 ;;		_SYSTEM_Initialize
  1027 ;; This function uses a non-reentrant model
  1028 ;;
  1029                           
  1030                           
  1031                           ;psect for function _PIN_MANAGER_Initialize
  1032  0776                     _PIN_MANAGER_Initialize:	
  1033                           
  1034                           ;pin_manager.c: 52: LATA = 0x00;
  1035                           
  1036                           ;incstack = 0
  1037                           ; Regs used in _PIN_MANAGER_Initialize: [wreg+status,2]
  1038  0776  0022               	movlb	2	; select bank2
  1039  0777  018C               	clrf	12	;volatile
  1040                           
  1041                           ;pin_manager.c: 53: TRISA = 0xFF;
  1042  0778  30FF               	movlw	255
  1043  0779  0021               	movlb	1	; select bank1
  1044  077A  008C               	movwf	12	;volatile
  1045                           
  1046                           ;pin_manager.c: 54: ANSELA = 0x1F;
  1047  077B  301F               	movlw	31
  1048  077C  0023               	movlb	3	; select bank3
  1049  077D  008C               	movwf	12	;volatile
  1050                           
  1051                           ;pin_manager.c: 55: WPUA = 0x00;
  1052  077E  0024               	movlb	4	; select bank4
  1053  077F  018C               	clrf	12	;volatile
  1054                           
  1055                           ;pin_manager.c: 57: LATB = 0x00;
  1056  0780  0022               	movlb	2	; select bank2
  1057  0781  018D               	clrf	13	;volatile
  1058                           
  1059                           ;pin_manager.c: 58: TRISB = 0xF0;
  1060  0782  30F0               	movlw	240
  1061  0783  0021               	movlb	1	; select bank1
  1062  0784  008D               	movwf	13	;volatile
  1063                           
  1064                           ;pin_manager.c: 59: ANSELB = 0xF0;
  1065  0785  30F0               	movlw	240
  1066  0786  0023               	movlb	3	; select bank3
  1067  0787  008D               	movwf	13	;volatile
  1068                           
  1069                           ;pin_manager.c: 60: WPUB = 0x00;
  1070  0788  0024               	movlb	4	; select bank4
  1071  0789  018D               	clrf	13	;volatile
  1072                           
  1073                           ;pin_manager.c: 62: OPTION_REGbits.nWPUEN = 0x01;
  1074  078A  0021               	movlb	1	; select bank1
  1075  078B  1795               	bsf	21,7	;volatile
  1076                           
  1077                           ;pin_manager.c: 64: APFCON0 = 0x00;
  1078  078C  0022               	movlb	2	; select bank2
  1079  078D  019D               	clrf	29	;volatile
  1080                           
  1081                           ;pin_manager.c: 66: APFCON1 = 0x00;
  1082  078E  019E               	clrf	30	;volatile
  1083  078F  0008               	return
  1084  0790                     __end_of_PIN_MANAGER_Initialize:	
  1085                           
  1086                           	psect	text3
  1087  073E                     __ptext3:	
  1088 ;; *************** function _OSCILLATOR_Initialize *****************
  1089 ;; Defined at:
  1090 ;;		line 77 in file "mcc_generated_files/mcc.c"
  1091 ;; Parameters:    Size  Location     Type
  1092 ;;		None
  1093 ;; Auto vars:     Size  Location     Type
  1094 ;;		None
  1095 ;; Return value:  Size  Location     Type
  1096 ;;		None               void
  1097 ;; Registers used:
  1098 ;;		wreg, status,2
  1099 ;; Tracked objects:
  1100 ;;		On entry : 0/0
  1101 ;;		On exit  : 0/0
  1102 ;;		Unchanged: 0/0
  1103 ;; Data sizes:     COMMON   BANK0   BANK1   BANK2   BANK3   BANK4
  1104 ;;      Params:         0       0       0       0       0       0
  1105 ;;      Locals:         0       0       0       0       0       0
  1106 ;;      Temps:          0       0       0       0       0       0
  1107 ;;      Totals:         0       0       0       0       0       0
  1108 ;;Total ram usage:        0 bytes
  1109 ;; Hardware stack levels used:    1
  1110 ;; This function calls:
  1111 ;;		Nothing
  1112 ;; This function is called by:
  1113 ;;		_SYSTEM_Initialize
  1114 ;; This function uses a non-reentrant model
  1115 ;;
  1116                           
  1117                           
  1118                           ;psect for function _OSCILLATOR_Initialize
  1119  073E                     _OSCILLATOR_Initialize:	
  1120                           
  1121                           ;mcc.c: 80: OSCCON = 0x68;
  1122                           
  1123                           ;incstack = 0
  1124                           ; Regs used in _OSCILLATOR_Initialize: [wreg+status,2]
  1125  073E  3068               	movlw	104
  1126  073F  0021               	movlb	1	; select bank1
  1127  0740  0099               	movwf	25	;volatile
  1128                           
  1129                           ;mcc.c: 82: OSCSTAT = 0x00;
  1130  0741  019A               	clrf	26	;volatile
  1131                           
  1132                           ;mcc.c: 84: OSCTUNE = 0x00;
  1133  0742  0198               	clrf	24	;volatile
  1134  0743  0008               	return
  1135  0744                     __end_of_OSCILLATOR_Initialize:	
  1136                           
  1137                           	psect	text4
  1138  0753                     __ptext4:	
  1139 ;; *************** function _ADC_Initialize *****************
  1140 ;; Defined at:
  1141 ;;		line 65 in file "mcc_generated_files/adc.c"
  1142 ;; Parameters:    Size  Location     Type
  1143 ;;		None
  1144 ;; Auto vars:     Size  Location     Type
  1145 ;;		None
  1146 ;; Return value:  Size  Location     Type
  1147 ;;		None               void
  1148 ;; Registers used:
  1149 ;;		wreg, status,2
  1150 ;; Tracked objects:
  1151 ;;		On entry : 0/0
  1152 ;;		On exit  : 0/0
  1153 ;;		Unchanged: 0/0
  1154 ;; Data sizes:     COMMON   BANK0   BANK1   BANK2   BANK3   BANK4
  1155 ;;      Params:         0       0       0       0       0       0
  1156 ;;      Locals:         0       0       0       0       0       0
  1157 ;;      Temps:          0       0       0       0       0       0
  1158 ;;      Totals:         0       0       0       0       0       0
  1159 ;;Total ram usage:        0 bytes
  1160 ;; Hardware stack levels used:    1
  1161 ;; This function calls:
  1162 ;;		Nothing
  1163 ;; This function is called by:
  1164 ;;		_SYSTEM_Initialize
  1165 ;;		_main
  1166 ;; This function uses a non-reentrant model
  1167 ;;
  1168                           
  1169                           
  1170                           ;psect for function _ADC_Initialize
  1171  0753                     _ADC_Initialize:	
  1172                           
  1173                           ;adc.c: 70: ADCON0 = 0x01;
  1174                           
  1175                           ;incstack = 0
  1176                           ; Regs used in _ADC_Initialize: [wreg+status,2]
  1177  0753  3001               	movlw	1
  1178  0754  0021               	movlb	1	; select bank1
  1179  0755  009D               	movwf	29	;volatile
  1180                           
  1181                           ;adc.c: 73: ADCON1 = 0xC0;
  1182  0756  30C0               	movlw	192
  1183  0757  009E               	movwf	30	;volatile
  1184                           
  1185                           ;adc.c: 76: ADRESL = 0x00;
  1186  0758  019B               	clrf	27	;volatile
  1187                           
  1188                           ;adc.c: 79: ADRESH = 0x00;
  1189  0759  019C               	clrf	28	;volatile
  1190  075A  0008               	return
  1191  075B                     __end_of_ADC_Initialize:	
  1192                           
  1193                           	psect	text5
  1194  0764                     __ptext5:	
  1195 ;; *************** function _ADC_StartConversion *****************
  1196 ;; Defined at:
  1197 ;;		line 83 in file "mcc_generated_files/adc.c"
  1198 ;; Parameters:    Size  Location     Type
  1199 ;;  channel         1    wreg     enum E2795
  1200 ;; Auto vars:     Size  Location     Type
  1201 ;;  channel         1    1[COMMON] enum E2795
  1202 ;; Return value:  Size  Location     Type
  1203 ;;		None               void
  1204 ;; Registers used:
  1205 ;;		wreg, status,2, status,0
  1206 ;; Tracked objects:
  1207 ;;		On entry : 0/0
  1208 ;;		On exit  : 0/0
  1209 ;;		Unchanged: 0/0
  1210 ;; Data sizes:     COMMON   BANK0   BANK1   BANK2   BANK3   BANK4
  1211 ;;      Params:         0       0       0       0       0       0
  1212 ;;      Locals:         1       0       0       0       0       0
  1213 ;;      Temps:          1       0       0       0       0       0
  1214 ;;      Totals:         2       0       0       0       0       0
  1215 ;;Total ram usage:        2 bytes
  1216 ;; Hardware stack levels used:    1
  1217 ;; This function calls:
  1218 ;;		Nothing
  1219 ;; This function is called by:
  1220 ;;		_main
  1221 ;; This function uses a non-reentrant model
  1222 ;;
  1223                           
  1224                           
  1225                           ;psect for function _ADC_StartConversion
  1226  0764                     _ADC_StartConversion:	
  1227                           
  1228                           ;incstack = 0
  1229                           ; Regs used in _ADC_StartConversion: [wreg+status,2+status,0]
  1230                           ;ADC_StartConversion@channel stored from wreg
  1231  0764  00F1               	movwf	ADC_StartConversion@channel
  1232                           
  1233                           ;adc.c: 86: ADCON0bits.CHS = channel;
  1234  0765  0871               	movf	ADC_StartConversion@channel,w
  1235  0766  00F0               	movwf	??_ADC_StartConversion
  1236  0767  0DF0               	rlf	??_ADC_StartConversion,f
  1237  0768  0DF0               	rlf	??_ADC_StartConversion,f
  1238  0769  0021               	movlb	1	; select bank1
  1239  076A  081D               	movf	29,w	;volatile
  1240  076B  0670               	xorwf	??_ADC_StartConversion,w
  1241  076C  3983               	andlw	-125
  1242  076D  0670               	xorwf	??_ADC_StartConversion,w
  1243  076E  009D               	movwf	29	;volatile
  1244                           
  1245                           ;adc.c: 89: ADCON0bits.ADON = 1;
  1246  076F  141D               	bsf	29,0	;volatile
  1247                           
  1248                           ;adc.c: 92: _delay((unsigned long)((5)*(4000000/4000000.0)));
  1249  0770  3200               	nop2	;2 cycle nop
  1250  0771  3200               	nop2	;2 cycle nop
  1251  0772  0000               	nop
  1252                           
  1253                           ;adc.c: 95: ADCON0bits.GO_nDONE = 1;
  1254  0773  0021               	movlb	1	; select bank1
  1255  0774  149D               	bsf	29,1	;volatile
  1256  0775  0008               	return
  1257  0776                     __end_of_ADC_StartConversion:	
  1258                           
  1259                           	psect	text6
  1260  0744                     __ptext6:	
  1261 ;; *************** function _ADC_IsConversionDone *****************
  1262 ;; Defined at:
  1263 ;;		line 98 in file "mcc_generated_files/adc.c"
  1264 ;; Parameters:    Size  Location     Type
  1265 ;;		None
  1266 ;; Auto vars:     Size  Location     Type
  1267 ;;		None
  1268 ;; Return value:  Size  Location     Type
  1269 ;;                  1    wreg      unsigned char 
  1270 ;; Registers used:
  1271 ;;		wreg, status,2, status,0
  1272 ;; Tracked objects:
  1273 ;;		On entry : 0/0
  1274 ;;		On exit  : 0/0
  1275 ;;		Unchanged: 0/0
  1276 ;; Data sizes:     COMMON   BANK0   BANK1   BANK2   BANK3   BANK4
  1277 ;;      Params:         0       0       0       0       0       0
  1278 ;;      Locals:         0       0       0       0       0       0
  1279 ;;      Temps:          0       0       0       0       0       0
  1280 ;;      Totals:         0       0       0       0       0       0
  1281 ;;Total ram usage:        0 bytes
  1282 ;; Hardware stack levels used:    1
  1283 ;; This function calls:
  1284 ;;		Nothing
  1285 ;; This function is called by:
  1286 ;;		_main
  1287 ;; This function uses a non-reentrant model
  1288 ;;
  1289                           
  1290                           
  1291                           ;psect for function _ADC_IsConversionDone
  1292  0744                     _ADC_IsConversionDone:	
  1293                           
  1294                           ;adc.c: 101: return (!ADCON0bits.GO_nDONE);
  1295                           
  1296                           ;incstack = 0
  1297                           ; Regs used in _ADC_IsConversionDone: [wreg+status,2+status,0]
  1298  0744  1003               	clrc
  1299  0745  0021               	movlb	1	; select bank1
  1300  0746  1C9D               	btfss	29,1	;volatile
  1301  0747  1403               	setc
  1302  0748  3000               	movlw	0
  1303  0749  3D09               	addwfc	9,w
  1304  074A  0008               	return
  1305  074B                     __end_of_ADC_IsConversionDone:	
  1306                           
  1307                           	psect	text7
  1308  074B                     __ptext7:	
  1309 ;; *************** function _ADC_GetConversionResult *****************
  1310 ;; Defined at:
  1311 ;;		line 104 in file "mcc_generated_files/adc.c"
  1312 ;; Parameters:    Size  Location     Type
  1313 ;;		None
  1314 ;; Auto vars:     Size  Location     Type
  1315 ;;		None
  1316 ;; Return value:  Size  Location     Type
  1317 ;;                  2    0[COMMON] unsigned int 
  1318 ;; Registers used:
  1319 ;;		wreg, status,2, status,0
  1320 ;; Tracked objects:
  1321 ;;		On entry : 0/0
  1322 ;;		On exit  : 0/0
  1323 ;;		Unchanged: 0/0
  1324 ;; Data sizes:     COMMON   BANK0   BANK1   BANK2   BANK3   BANK4
  1325 ;;      Params:         2       0       0       0       0       0
  1326 ;;      Locals:         0       0       0       0       0       0
  1327 ;;      Temps:          0       0       0       0       0       0
  1328 ;;      Totals:         2       0       0       0       0       0
  1329 ;;Total ram usage:        2 bytes
  1330 ;; Hardware stack levels used:    1
  1331 ;; This function calls:
  1332 ;;		Nothing
  1333 ;; This function is called by:
  1334 ;;		_main
  1335 ;; This function uses a non-reentrant model
  1336 ;;
  1337                           
  1338                           
  1339                           ;psect for function _ADC_GetConversionResult
  1340  074B                     _ADC_GetConversionResult:	
  1341                           
  1342                           ;adc.c: 107: return ((ADRESH << 8) + ADRESL);
  1343                           
  1344                           ;incstack = 0
  1345                           ; Regs used in _ADC_GetConversionResult: [wreg+status,2+status,0]
  1346  074B  0021               	movlb	1	; select bank1
  1347  074C  081C               	movf	28,w	;volatile
  1348  074D  01F1               	clrf	?_ADC_GetConversionResult+1
  1349  074E  07F1               	addwf	?_ADC_GetConversionResult+1,f
  1350  074F  081B               	movf	27,w	;volatile
  1351  0750  01F0               	clrf	?_ADC_GetConversionResult
  1352  0751  07F0               	addwf	?_ADC_GetConversionResult,f
  1353  0752  0008               	return
  1354  0753                     __end_of_ADC_GetConversionResult:	
  1355  007E                     btemp	set	126	;btemp
  1356  007E                     pic14e$flags	set	126
  1357  007E                     wtemp	set	126
  1358  007E                     wtemp0	set	126
  1359  0080                     wtemp1	set	128
  1360  0082                     wtemp2	set	130
  1361  0084                     wtemp3	set	132
  1362  0086                     wtemp4	set	134
  1363  0088                     wtemp5	set	136
  1364  007F                     wtemp6	set	127
  1365  007E                     ttemp	set	126
  1366  007E                     ttemp0	set	126
  1367  0081                     ttemp1	set	129
  1368  0084                     ttemp2	set	132
  1369  0087                     ttemp3	set	135
  1370  007F                     ttemp4	set	127
  1371  007E                     ltemp	set	126
  1372  007E                     ltemp0	set	126
  1373  0082                     ltemp1	set	130
  1374  0086                     ltemp2	set	134
  1375  0080                     ltemp3	set	128


Data Sizes:
    Strings     0
    Constant    0
    Data        0
    BSS         2
    Persistent  0
    Stack       0

Auto Spaces:
    Space          Size  Autos    Used
    COMMON           14      3       5
    BANK0            80      0       0
    BANK1            80      0       0
    BANK2            80      0       0
    BANK3            80      0       0
    BANK4            48      0       0

Pointer List with Targets:

    None.

Critical Paths under _main in COMMON

    _main->_ADC_GetConversionResult
    _main->_ADC_StartConversion

Critical Paths under _main in BANK0

    None.

Critical Paths under _main in BANK1

    None.

Critical Paths under _main in BANK2

    None.

Critical Paths under _main in BANK3

    None.

Critical Paths under _main in BANK4

    None.

Call Graph Tables:

 ---------------------------------------------------------------------------------
 (Depth) Function   	        Calls       Base Space   Used Autos Params    Refs
 ---------------------------------------------------------------------------------
 (0) _main                                                 1     1      0      15
                                              2 COMMON     1     1      0
            _ADC_GetConversionResult
                     _ADC_Initialize
               _ADC_IsConversionDone
                _ADC_StartConversion
                  _SYSTEM_Initialize
 ---------------------------------------------------------------------------------
 (1) _SYSTEM_Initialize                                    0     0      0       0
                     _ADC_Initialize
              _OSCILLATOR_Initialize
             _PIN_MANAGER_Initialize
 ---------------------------------------------------------------------------------
 (2) _PIN_MANAGER_Initialize                               0     0      0       0
 ---------------------------------------------------------------------------------
 (2) _OSCILLATOR_Initialize                                0     0      0       0
 ---------------------------------------------------------------------------------
 (2) _ADC_Initialize                                       0     0      0       0
 ---------------------------------------------------------------------------------
 (1) _ADC_StartConversion                                  2     2      0      15
                                              0 COMMON     2     2      0
 ---------------------------------------------------------------------------------
 (1) _ADC_IsConversionDone                                 0     0      0       0
 ---------------------------------------------------------------------------------
 (1) _ADC_GetConversionResult                              2     0      2       0
                                              0 COMMON     2     0      2
 ---------------------------------------------------------------------------------
 Estimated maximum stack depth 2
 ---------------------------------------------------------------------------------

 Call Graph Graphs:

 _main (ROOT)
   _ADC_GetConversionResult
   _ADC_Initialize
   _ADC_IsConversionDone
   _ADC_StartConversion
   _SYSTEM_Initialize
     _ADC_Initialize
     _OSCILLATOR_Initialize
     _PIN_MANAGER_Initialize

 Address spaces:
Name               Size   Autos  Total    Cost      Usage
BIGRAM             170      0       0       0        0.0%
EEDATA             100      0       0       0        0.0%
NULL                 0      0       0       0        0.0%
CODE                 0      0       0       0        0.0%
BITCOMMON            E      0       0       1        0.0%
BITSFR0              0      0       0       1        0.0%
SFR0                 0      0       0       1        0.0%
COMMON               E      3       5       2       35.7%
BITSFR1              0      0       0       2        0.0%
SFR1                 0      0       0       2        0.0%
BITSFR2              0      0       0       3        0.0%
SFR2                 0      0       0       3        0.0%
STACK                0      0       0       3        0.0%
BITSFR3              0      0       0       4        0.0%
SFR3                 0      0       0       4        0.0%
ABS                  0      0       5       4        0.0%
BITBANK0            50      0       0       5        0.0%
BITSFR4              0      0       0       5        0.0%
SFR4                 0      0       0       5        0.0%
BANK0               50      0       0       6        0.0%
BITSFR5              0      0       0       6        0.0%
SFR5                 0      0       0       6        0.0%
BITBANK1            50      0       0       7        0.0%
BITSFR6              0      0       0       7        0.0%
SFR6                 0      0       0       7        0.0%
BANK1               50      0       0       8        0.0%
BITSFR7              0      0       0       8        0.0%
SFR7                 0      0       0       8        0.0%
BITBANK2            50      0       0       9        0.0%
BITSFR8              0      0       0       9        0.0%
SFR8                 0      0       0       9        0.0%
BANK2               50      0       0      10        0.0%
BITSFR9              0      0       0      10        0.0%
SFR9                 0      0       0      10        0.0%
BITBANK3            50      0       0      11        0.0%
BITSFR10             0      0       0      11        0.0%
SFR10                0      0       0      11        0.0%
BANK3               50      0       0      12        0.0%
BITSFR11             0      0       0      12        0.0%
SFR11                0      0       0      12        0.0%
BITBANK4            30      0       0      13        0.0%
BITSFR12             0      0       0      13        0.0%
SFR12                0      0       0      13        0.0%
BANK4               30      0       0      14        0.0%
BITSFR13             0      0       0      14        0.0%
SFR13                0      0       0      14        0.0%
BITSFR14             0      0       0      15        0.0%
SFR14                0      0       0      15        0.0%
DATA                 0      0       5      15        0.0%
BITSFR15             0      0       0      16        0.0%
SFR15                0      0       0      16        0.0%
BITSFR16             0      0       0      17        0.0%
SFR16                0      0       0      17        0.0%
BITSFR17             0      0       0      18        0.0%
SFR17                0      0       0      18        0.0%
BITSFR18             0      0       0      19        0.0%
SFR18                0      0       0      19        0.0%
BITSFR19             0      0       0      20        0.0%
SFR19                0      0       0      20        0.0%
BITSFR20             0      0       0      21        0.0%
SFR20                0      0       0      21        0.0%
BITSFR21             0      0       0      22        0.0%
SFR21                0      0       0      22        0.0%
BITSFR22             0      0       0      23        0.0%
SFR22                0      0       0      23        0.0%
BITSFR23             0      0       0      24        0.0%
SFR23                0      0       0      24        0.0%
BITSFR24             0      0       0      25        0.0%
SFR24                0      0       0      25        0.0%
BITSFR25             0      0       0      26        0.0%
SFR25                0      0       0      26        0.0%
BITSFR26             0      0       0      27        0.0%
SFR26                0      0       0      27        0.0%
BITSFR27             0      0       0      28        0.0%
SFR27                0      0       0      28        0.0%
BITSFR28             0      0       0      29        0.0%
SFR28                0      0       0      29        0.0%
BITSFR29             0      0       0      30        0.0%
SFR29                0      0       0      30        0.0%
BITSFR30             0      0       0      31        0.0%
SFR30                0      0       0      31        0.0%
BITSFR31             0      0       0      32        0.0%
SFR31                0      0       0      32        0.0%


Microchip Technology PIC Macro Assembler V1.33 build 59893 
Symbol Table                                                                                   Sat Jan  3 21:12:44 2015

                     __CFG_CP$OFF 0000                                l90 0793                                u35 07B2  
                              u45 07C0                                u55 07CD                                u65 07DA  
                              u75 07E7                                u85 07F4                               l640 07D1  
                             l632 07B7                               l624 079A                               l644 07DE  
                             l636 07C4                               l648 07EB                      __CFG_CPD$OFF 0000  
                    __CFG_BORV$LO 0000                               wreg 0009                      __CFG_IESO$ON 0000  
                    __CFG_FOSC$XT 0000                      __CFG_LVP$OFF 0000                              _LATA 010C  
                            _LATB 010D                              _WPUA 020C                              _WPUB 020D  
                    __CFG_WRT$OFF 0000                     __CFG_FCMEN$ON 0000                              _main 0790  
                            btemp 007E                     __CFG_BOREN$ON 0000                              ltemp 007E  
                            start 0002                              ttemp 007E                              wtemp 007E  
                   __CFG_MCLRE$ON 0000    __size_of_OSCILLATOR_Initialize 0006     __end_of_OSCILLATOR_Initialize 0744  
                           ?_main 0070                     __CFG_WDTE$OFF 0000                             _PORTB 000D  
                           _TRISA 008C                             _TRISB 008D  __size_of_ADC_GetConversionResult 0008  
                           ltemp0 007E                             ltemp1 0082                             ltemp2 0086  
                           ltemp3 0080                             ttemp0 007E                             ttemp1 0081  
                           ttemp2 0084                             ttemp3 0087                             ttemp4 007F  
                           wtemp0 007E                             wtemp1 0080                             wtemp2 0082  
                           wtemp3 0084                             wtemp4 0086                             wtemp5 0088  
                           wtemp6 007F                   __initialization 07FA                      __end_of_main 07FA  
                          ??_main 0072        ADC_StartConversion@channel 0071                    __CFG_PLLEN$OFF 0000  
   __size_of_ADC_IsConversionDone 0007                            _ADCON0 009D                            _ADCON1 009E  
                          _ADRESH 009C                            _ADRESL 009B                            _ANSELA 018C  
                          _ANSELB 018D                            _OSCCON 0099                    __CFG_PWRTE$OFF 0000  
                  __CFG_STVREN$ON 0000                 _SYSTEM_Initialize 075B           __end_of__initialization 07FC  
              ?_SYSTEM_Initialize 0070      __size_of_ADC_StartConversion 0012                    __pcstackCOMMON 0070  
             ??_SYSTEM_Initialize 0070           _ADC_GetConversionResult 074B                    _OPTION_REGbits 0095  
       __end_of_SYSTEM_Initialize 0764                        __pmaintext 0790                           _APFCON0 011D  
                         _APFCON1 011E           __size_of_ADC_Initialize 0008                           _OSCSTAT 009A  
                         _OSCTUNE 0098                        _conversion 0073         ??_ADC_GetConversionResult 0072  
                         __ptext0 0000                           __ptext1 075B                           __ptext2 0776  
                         __ptext3 073E                           __ptext4 0753                           __ptext5 0764  
                         __ptext6 0744                           __ptext7 074B             _OSCILLATOR_Initialize 073E  
        ??_PIN_MANAGER_Initialize 0070        __size_of_SYSTEM_Initialize 0009              end_of_initialization 07FC  
    __end_of_ADC_IsConversionDone 074B               _ADC_StartConversion 0764              ?_ADC_StartConversion 0070  
                  _ADC_Initialize 0753            ?_OSCILLATOR_Initialize 0070               start_initialization 07FA  
 __size_of_PIN_MANAGER_Initialize 001A             ??_ADC_StartConversion 0070            __end_of_ADC_Initialize 075B  
                     __pbssCOMMON 0073                         ___latbits 0001              _ADC_IsConversionDone 0744  
          _PIN_MANAGER_Initialize 0776                   ?_ADC_Initialize 0070             ?_ADC_IsConversionDone 0070  
                      _ADCON0bits 009D          ?_ADC_GetConversionResult 0070           ??_OSCILLATOR_Initialize 0070  
          ??_ADC_IsConversionDone 0070                     __size_of_main 006A                       pic14e$flags 007E  
     __end_of_ADC_StartConversion 0776           ?_PIN_MANAGER_Initialize 0070   __end_of_ADC_GetConversionResult 0753  
               __CFG_CLKOUTEN$OFF 0000                  ??_ADC_Initialize 0070    __end_of_PIN_MANAGER_Initialize 0790  
