

Microchip Technology PIC LITE Macro Assembler V1.33 build 59893 
                                                                                               Tue Jan  6 19:44:52 2015

Microchip Technology Omniscient Code Generator (Lite mode) build 59893
     1                           	processor	16F1827
     2                           	opt	pw 120
     3                           	opt	lm
     4                           	psect	maintext,global,class=CODE,merge=1,split=1,delta=2
     5                           	psect	cinit,global,class=CODE,merge=1,delta=2
     6                           	psect	cstackCOMMON,global,class=COMMON,space=1,delta=1
     7                           	dabs	1,0x7E,2
     8  0000                     	;# 
     9  0001                     	;# 
    10  0002                     	;# 
    11  0003                     	;# 
    12  0004                     	;# 
    13  0005                     	;# 
    14  0006                     	;# 
    15  0007                     	;# 
    16  0008                     	;# 
    17  0009                     	;# 
    18  000A                     	;# 
    19  000B                     	;# 
    20  000C                     	;# 
    21  000D                     	;# 
    22  0011                     	;# 
    23  0012                     	;# 
    24  0013                     	;# 
    25  0014                     	;# 
    26  0015                     	;# 
    27  0016                     	;# 
    28  0016                     	;# 
    29  0017                     	;# 
    30  0018                     	;# 
    31  0019                     	;# 
    32  001A                     	;# 
    33  001B                     	;# 
    34  001C                     	;# 
    35  001E                     	;# 
    36  001F                     	;# 
    37  008C                     	;# 
    38  008D                     	;# 
    39  0091                     	;# 
    40  0092                     	;# 
    41  0093                     	;# 
    42  0094                     	;# 
    43  0095                     	;# 
    44  0096                     	;# 
    45  0097                     	;# 
    46  0098                     	;# 
    47  0099                     	;# 
    48  009A                     	;# 
    49  009B                     	;# 
    50  009B                     	;# 
    51  009C                     	;# 
    52  009D                     	;# 
    53  009E                     	;# 
    54  010C                     	;# 
    55  010D                     	;# 
    56  0111                     	;# 
    57  0112                     	;# 
    58  0113                     	;# 
    59  0114                     	;# 
    60  0115                     	;# 
    61  0116                     	;# 
    62  0117                     	;# 
    63  0118                     	;# 
    64  0119                     	;# 
    65  011A                     	;# 
    66  011B                     	;# 
    67  011D                     	;# 
    68  011E                     	;# 
    69  018C                     	;# 
    70  018D                     	;# 
    71  0191                     	;# 
    72  0191                     	;# 
    73  0192                     	;# 
    74  0193                     	;# 
    75  0193                     	;# 
    76  0193                     	;# 
    77  0194                     	;# 
    78  0195                     	;# 
    79  0196                     	;# 
    80  0199                     	;# 
    81  019A                     	;# 
    82  019B                     	;# 
    83  019B                     	;# 
    84  019B                     	;# 
    85  019B                     	;# 
    86  019C                     	;# 
    87  019C                     	;# 
    88  019D                     	;# 
    89  019E                     	;# 
    90  019F                     	;# 
    91  020C                     	;# 
    92  020D                     	;# 
    93  0211                     	;# 
    94  0211                     	;# 
    95  0212                     	;# 
    96  0212                     	;# 
    97  0213                     	;# 
    98  0213                     	;# 
    99  0214                     	;# 
   100  0214                     	;# 
   101  0215                     	;# 
   102  0215                     	;# 
   103  0215                     	;# 
   104  0216                     	;# 
   105  0216                     	;# 
   106  0217                     	;# 
   107  0217                     	;# 
   108  0219                     	;# 
   109  021A                     	;# 
   110  021B                     	;# 
   111  021C                     	;# 
   112  021D                     	;# 
   113  021E                     	;# 
   114  021F                     	;# 
   115  0291                     	;# 
   116  0291                     	;# 
   117  0292                     	;# 
   118  0293                     	;# 
   119  0294                     	;# 
   120  0295                     	;# 
   121  0295                     	;# 
   122  0296                     	;# 
   123  0298                     	;# 
   124  0298                     	;# 
   125  0299                     	;# 
   126  029A                     	;# 
   127  029B                     	;# 
   128  029C                     	;# 
   129  029C                     	;# 
   130  029D                     	;# 
   131  029E                     	;# 
   132  029E                     	;# 
   133  0311                     	;# 
   134  0311                     	;# 
   135  0312                     	;# 
   136  0313                     	;# 
   137  0318                     	;# 
   138  0318                     	;# 
   139  0319                     	;# 
   140  031A                     	;# 
   141  0394                     	;# 
   142  0395                     	;# 
   143  0396                     	;# 
   144  039A                     	;# 
   145  039C                     	;# 
   146  039D                     	;# 
   147  039E                     	;# 
   148  039F                     	;# 
   149  0415                     	;# 
   150  0416                     	;# 
   151  0417                     	;# 
   152  041C                     	;# 
   153  041D                     	;# 
   154  041E                     	;# 
   155  0FE4                     	;# 
   156  0FE5                     	;# 
   157  0FE6                     	;# 
   158  0FE7                     	;# 
   159  0FE8                     	;# 
   160  0FE9                     	;# 
   161  0FEA                     	;# 
   162  0FEB                     	;# 
   163  0FED                     	;# 
   164  0FEE                     	;# 
   165  0FEF                     	;# 
   166  000C                     _PORTA	set	12
   167  000C                     _PORTAbits	set	12
   168  008C                     _TRISA	set	140
   169  018C                     _ANSELA	set	396
   170                           
   171                           	psect	maintext
   172  07D7                     __pmaintext:	
   173                           ; #config settings
   174                           
   175                           
   176                           ;psect for function _main
   177  0000                     
   178 ;;
   179 ;;Main: autosize = 0, tempsize = 3, incstack = 0, save=0
   180 ;;
   181 ;; *************** function _main *****************
   182 ;; Defined at:
   183 ;;		line 31 in file "BlinkLed.c"
   184 ;; Parameters:    Size  Location     Type
   185 ;;		None
   186 ;; Auto vars:     Size  Location     Type
   187 ;;		None
   188 ;; Return value:  Size  Location     Type
   189 ;;		None               void
   190 ;; Registers used:
   191 ;;		wreg, status,2
   192 ;; Tracked objects:
   193 ;;		On entry : 17F/0
   194 ;;		On exit  : 0/0
   195 ;;		Unchanged: 0/0
   196 ;; Data sizes:     COMMON   BANK0   BANK1   BANK2   BANK3   BANK4
   197 ;;      Params:         0       0       0       0       0       0
   198 ;;      Locals:         0       0       0       0       0       0
   199 ;;      Temps:          3       0       0       0       0       0
   200 ;;      Totals:         3       0       0       0       0       0
   201 ;;Total ram usage:        3 bytes
   202 ;; This function calls:
   203 ;;		Nothing
   204 ;; This function is called by:
   205 ;;		Startup code after reset
   206 ;; This function uses a non-reentrant model
   207 ;;
   208  07D7                     _main:	
   209                           
   210                           ;BlinkLed.c: 32: TRISA = 0;
   211                           
   212                           ;incstack = 0
   213                           ; Regs used in _main: [wreg+status,2]
   214  07D7  0021               	movlb	1	; select bank1
   215  07D8  018C               	clrf	12	;volatile
   216                           
   217                           ;BlinkLed.c: 33: ANSELA = 0;
   218  07D9  0023               	movlb	3	; select bank3
   219  07DA  018C               	clrf	12	;volatile
   220                           
   221                           ;BlinkLed.c: 34: PORTA = 0;
   222  07DB  0020               	movlb	0	; select bank0
   223  07DC  018C               	clrf	12	;volatile
   224  07DD                     l475:	
   225                           ;BlinkLed.c: 36: while(1){
   226                           
   227                           
   228                           ;BlinkLed.c: 37: PORTAbits.RA0 = 1;
   229  07DD  0020               	movlb	0	; select bank0
   230  07DE  140C               	bsf	12,0	;volatile
   231                           
   232                           ;BlinkLed.c: 38: _delay((unsigned long)((500)*(4000000/4000.0)));
   233  07DF  3003               	movlw	3
   234  07E0  00F2               	movwf	??_main+2
   235  07E1  308A               	movlw	138
   236  07E2  00F1               	movwf	??_main+1
   237  07E3  3056               	movlw	86
   238  07E4  00F0               	movwf	??_main
   239  07E5                     u17:	
   240  07E5  0BF0               	decfsz	??_main,f
   241  07E6  2FE5               	goto	u17
   242  07E7  0BF1               	decfsz	??_main+1,f
   243  07E8  2FE5               	goto	u17
   244  07E9  0BF2               	decfsz	??_main+2,f
   245  07EA  2FE5               	goto	u17
   246  07EB  3200               	nop2
   247                           
   248                           ;BlinkLed.c: 39: PORTAbits.RA0 = 0;
   249  07EC  0020               	movlb	0	; select bank0
   250  07ED  100C               	bcf	12,0	;volatile
   251                           
   252                           ;BlinkLed.c: 40: _delay((unsigned long)((500)*(4000000/4000.0)));
   253  07EE  3003               	movlw	3
   254  07EF  00F2               	movwf	??_main+2
   255  07F0  308A               	movlw	138
   256  07F1  00F1               	movwf	??_main+1
   257  07F2  3056               	movlw	86
   258  07F3  00F0               	movwf	??_main
   259  07F4                     u27:	
   260  07F4  0BF0               	decfsz	??_main,f
   261  07F5  2FF4               	goto	u27
   262  07F6  0BF1               	decfsz	??_main+1,f
   263  07F7  2FF4               	goto	u27
   264  07F8  0BF2               	decfsz	??_main+2,f
   265  07F9  2FF4               	goto	u27
   266  07FA  3200               	nop2
   267  07FB  2FDD               	goto	l475
   268  07FC                     __end_of_main:	
   269  007E                     btemp	set	126	;btemp
   270  007E                     pic14e$flags	set	126
   271  007E                     wtemp	set	126
   272  007E                     wtemp0	set	126
   273  0080                     wtemp1	set	128
   274  0082                     wtemp2	set	130
   275  0084                     wtemp3	set	132
   276  0086                     wtemp4	set	134
   277  0088                     wtemp5	set	136
   278  007F                     wtemp6	set	127
   279  007E                     ttemp	set	126
   280  007E                     ttemp0	set	126
   281  0081                     ttemp1	set	129
   282  0084                     ttemp2	set	132
   283  0087                     ttemp3	set	135
   284  007F                     ttemp4	set	127
   285  007E                     ltemp	set	126
   286  007E                     ltemp0	set	126
   287  0082                     ltemp1	set	130
   288  0086                     ltemp2	set	134
   289  0080                     ltemp3	set	128
   290                           
   291                           	psect	cinit
   292  07FC                     start_initialization:	
   293  07FC                     __initialization:	
   294  07FC                     end_of_initialization:	
   295                           ;End of C runtime variable initialization code
   296                           
   297  07FC                     __end_of__initialization:	
   298  07FC  107E               	bcf	pic14e$flags,0	;clear compiler interrupt flag
   299  07FD  0020               	movlb	0
   300  07FE  3187  2FD7         	ljmp	_main	;jump to C main() function
   301                           
   302                           	psect	cstackCOMMON
   303  0070                     __pcstackCOMMON:	
   304  0070                     ?_main:	
   305  0070                     ??_main:	
   306                           ; 0 bytes @ 0x0
   307                           
   308                           
   309                           ; 0 bytes @ 0x0
   310  0070                     	ds	3


Data Sizes:
    Strings     0
    Constant    0
    Data        0
    BSS         0
    Persistent  0
    Stack       0

Auto Spaces:
    Space          Size  Autos    Used
    COMMON           14      3       3
    BANK0            80      0       0
    BANK1            80      0       0
    BANK2            80      0       0
    BANK3            80      0       0
    BANK4            48      0       0

Pointer List with Targets:

    None.

Critical Paths under _main in COMMON

    None.

Critical Paths under _main in BANK0

    None.

Critical Paths under _main in BANK1

    None.

Critical Paths under _main in BANK2

    None.

Critical Paths under _main in BANK3

    None.

Critical Paths under _main in BANK4

    None.

Call Graph Tables:

 ---------------------------------------------------------------------------------
 (Depth) Function   	        Calls       Base Space   Used Autos Params    Refs
 ---------------------------------------------------------------------------------
 (0) _main                                                 3     3      0       0
                                              0 COMMON     3     3      0
 ---------------------------------------------------------------------------------
 Estimated maximum stack depth 0
 ---------------------------------------------------------------------------------

 Call Graph Graphs:

 _main (ROOT)

 Address spaces:
Name               Size   Autos  Total    Cost      Usage
BIGRAM             170      0       0       0        0.0%
EEDATA             100      0       0       0        0.0%
NULL                 0      0       0       0        0.0%
CODE                 0      0       0       0        0.0%
BITCOMMON            E      0       0       1        0.0%
BITSFR0              0      0       0       1        0.0%
SFR0                 0      0       0       1        0.0%
COMMON               E      3       3       2       21.4%
BITSFR1              0      0       0       2        0.0%
SFR1                 0      0       0       2        0.0%
BITSFR2              0      0       0       3        0.0%
SFR2                 0      0       0       3        0.0%
STACK                0      0       0       3        0.0%
BITSFR3              0      0       0       4        0.0%
SFR3                 0      0       0       4        0.0%
ABS                  0      0       0       4        0.0%
BITBANK0            50      0       0       5        0.0%
BITSFR4              0      0       0       5        0.0%
SFR4                 0      0       0       5        0.0%
BANK0               50      0       0       6        0.0%
BITSFR5              0      0       0       6        0.0%
SFR5                 0      0       0       6        0.0%
BITBANK1            50      0       0       7        0.0%
BITSFR6              0      0       0       7        0.0%
SFR6                 0      0       0       7        0.0%
BANK1               50      0       0       8        0.0%
BITSFR7              0      0       0       8        0.0%
SFR7                 0      0       0       8        0.0%
BITBANK2            50      0       0       9        0.0%
BITSFR8              0      0       0       9        0.0%
SFR8                 0      0       0       9        0.0%
BANK2               50      0       0      10        0.0%
BITSFR9              0      0       0      10        0.0%
SFR9                 0      0       0      10        0.0%
BITBANK3            50      0       0      11        0.0%
BITSFR10             0      0       0      11        0.0%
SFR10                0      0       0      11        0.0%
BANK3               50      0       0      12        0.0%
BITSFR11             0      0       0      12        0.0%
SFR11                0      0       0      12        0.0%
BITBANK4            30      0       0      13        0.0%
BITSFR12             0      0       0      13        0.0%
SFR12                0      0       0      13        0.0%
BANK4               30      0       0      14        0.0%
BITSFR13             0      0       0      14        0.0%
SFR13                0      0       0      14        0.0%
BITSFR14             0      0       0      15        0.0%
SFR14                0      0       0      15        0.0%
DATA                 0      0       0      15        0.0%
BITSFR15             0      0       0      16        0.0%
SFR15                0      0       0      16        0.0%
BITSFR16             0      0       0      17        0.0%
SFR16                0      0       0      17        0.0%
BITSFR17             0      0       0      18        0.0%
SFR17                0      0       0      18        0.0%
BITSFR18             0      0       0      19        0.0%
SFR18                0      0       0      19        0.0%
BITSFR19             0      0       0      20        0.0%
SFR19                0      0       0      20        0.0%
BITSFR20             0      0       0      21        0.0%
SFR20                0      0       0      21        0.0%
BITSFR21             0      0       0      22        0.0%
SFR21                0      0       0      22        0.0%
BITSFR22             0      0       0      23        0.0%
SFR22                0      0       0      23        0.0%
BITSFR23             0      0       0      24        0.0%
SFR23                0      0       0      24        0.0%
BITSFR24             0      0       0      25        0.0%
SFR24                0      0       0      25        0.0%
BITSFR25             0      0       0      26        0.0%
SFR25                0      0       0      26        0.0%
BITSFR26             0      0       0      27        0.0%
SFR26                0      0       0      27        0.0%
BITSFR27             0      0       0      28        0.0%
SFR27                0      0       0      28        0.0%
BITSFR28             0      0       0      29        0.0%
SFR28                0      0       0      29        0.0%
BITSFR29             0      0       0      30        0.0%
SFR29                0      0       0      30        0.0%
BITSFR30             0      0       0      31        0.0%
SFR30                0      0       0      31        0.0%
BITSFR31             0      0       0      32        0.0%
SFR31                0      0       0      32        0.0%


Microchip Technology PIC Macro Assembler V1.33 build 59893 
Symbol Table                                                                                   Tue Jan  6 19:44:52 2015

            __CFG_CP$OFF 0000                       u17 07E5                       u27 07F4  
                    l475 07DD             __CFG_CPD$OFF 0000             __CFG_BORV$LO 0000  
           __CFG_IESO$ON 0000             __CFG_FOSC$XT 0000             __CFG_LVP$OFF 0000  
           __CFG_WRT$OFF 0000            __CFG_FCMEN$ON 0000                     _main 07D7  
                   btemp 007E            __CFG_BOREN$ON 0000                     ltemp 007E  
                   start 0002                     ttemp 007E                     wtemp 007E  
          __CFG_MCLRE$ON 0000                    ?_main 0070            __CFG_WDTE$OFF 0000  
                  _PORTA 000C                    _TRISA 008C                    ltemp0 007E  
                  ltemp1 0082                    ltemp2 0086                    ltemp3 0080  
                  ttemp0 007E                    ttemp1 0081                    ttemp2 0084  
                  ttemp3 0087                    ttemp4 007F                    wtemp0 007E  
                  wtemp1 0080                    wtemp2 0082                    wtemp3 0084  
                  wtemp4 0086                    wtemp5 0088                    wtemp6 007F  
        __initialization 07FC             __end_of_main 07FC                   ??_main 0070  
         __CFG_PLLEN$OFF 0000                   _ANSELA 018C           __CFG_PWRTE$OFF 0000  
         __CFG_STVREN$ON 0000  __end_of__initialization 07FC           __pcstackCOMMON 0070  
             __pmaintext 07D7     end_of_initialization 07FC                _PORTAbits 000C  
    start_initialization 07FC                ___latbits 0001            __size_of_main 0025  
            pic14e$flags 007E        __CFG_CLKOUTEN$OFF 0000  
